#
# A fatal error has been detected by the Java Runtime Environment:
#
#  EXCEPTION_ACCESS_VIOLATION (0xc0000005) at pc=0x00007ffe34cdc556, pid=16640, tid=25756
#
# JRE version: OpenJDK Runtime Environment Temurin-21.0.8+9 (21.0.8+9) (build 21.0.8+9-LTS)
# Java VM: OpenJDK 64-Bit Server VM Temurin-21.0.8+9 (21.0.8+9-LTS, mixed mode, emulated-client, sharing, tiered, compressed oops, compressed class ptrs, g1 gc, windows-amd64)
# Problematic frame:
# V  [jvm.dll+0xc556]
#
# No core dump will be written. Minidumps are not enabled by default on client versions of Windows
#
# If you would like to submit a bug report, please visit:
#   https://github.com/adoptium/adoptium-support/issues
#

---------------  S U M M A R Y ------------

Command Line: -XX:+ShowCodeDetailsInExceptionMessages -agentlib:jdwp=transport=dt_socket,suspend=y,address=localhost:52422 -Dcom.sun.management.jmxremote -Dcom.sun.management.jmxremote.port=52421 -Dcom.sun.management.jmxremote.authenticate=false -Dcom.sun.management.jmxremote.ssl=false -Djava.rmi.server.hostname=localhost -Dspring.jmx.enabled=true -Dmanagement.endpoints.jmx.exposure.include=* -Dspring.application.admin.enabled=true -Dspring.output.ansi.enabled=always -XX:TieredStopAtLevel=1 -Dspring.boot.project.name=MohaengSTS -javaagent:D:\A_TeachingMaterial\100.FinalProject\TOOL\sts-4.32.1.RELEASE\configuration\org.eclipse.osgi\272\0\.cp\lib\javaagent-shaded.jar -Dfile.encoding=UTF-8 -Dstdout.encoding=UTF-8 -Dstderr.encoding=UTF-8 kr.or.ddit.MohaengProjectApplication

Host: Intel(R) Core(TM) i7-10700 CPU @ 2.90GHz, 16 cores, 15G,  Windows 10 , 64 bit Build 19041 (10.0.19041.5915)
Time: Thu Jan 15 20:57:27 2026 elapsed time: 11239.186446 seconds (0d 3h 7m 19s)

---------------  T H R E A D  ---------------

Current thread (0x000002336c80bd80):  WorkerThread "GC Thread#6"    [id=25756, stack(0x000000dace100000,0x000000dace200000) (1024K)]

Stack: [0x000000dace100000,0x000000dace200000],  sp=0x000000dace1fe098,  free space=1016k
Native frames: (J=compiled Java code, j=interpreted, Vv=VM code, C=native code)
V  [jvm.dll+0xc556]

JavaThread 0x000002336eef6c60 (nid = 14572) was being processed
Java frames: (J=compiled Java code, j=interpreted, Vv=VM code)
j  java.lang.invoke.DirectMethodHandle$Holder.newInvokeSpecial(Ljava/lang/Object;)Ljava/lang/Object;+15 java.base@21.0.8
J 921 c1 jdk.internal.reflect.DirectConstructorHandleAccessor.newInstance([Ljava/lang/Object;)Ljava/lang/Object; java.base@21.0.8 (130 bytes) @ 0x000002331b6eb86c [0x000002331b6eb660+0x000000000000020c]
J 920 c1 java.lang.reflect.Constructor.newInstanceWithCaller([Ljava/lang/Object;ZLjava/lang/Class;)Ljava/lang/Object; java.base@21.0.8 (51 bytes) @ 0x000002331b65bd3c [0x000002331b65bc60+0x00000000000000dc]
J 16033 c1 org.springframework.beans.BeanUtils.instantiateClass(Ljava/lang/reflect/Constructor;[Ljava/lang/Object;)Ljava/lang/Object; (208 bytes) @ 0x000002331b653384 [0x000002331b652e00+0x0000000000000584]
J 19023 c1 org.springframework.beans.factory.support.SimpleInstantiationStrategy.instantiate(Lorg/springframework/beans/factory/support/RootBeanDefinition;Ljava/lang/String;Lorg/springframework/beans/factory/BeanFactory;)Ljava/lang/Object; (123 bytes) @ 0x000002331bceac5c [0x000002331bcea7a0+0x00000000000004bc]
J 19020 c1 org.springframework.beans.factory.support.AbstractAutowireCapableBeanFactory.instantiateBean(Ljava/lang/String;Lorg/springframework/beans/factory/support/RootBeanDefinition;)Lorg/springframework/beans/BeanWrapper; (51 bytes) @ 0x000002331b82bd74 [0x000002331b82bcc0+0x00000000000000b4]
J 17589 c1 org.springframework.beans.factory.support.AbstractAutowireCapableBeanFactory.createBeanInstance(Ljava/lang/String;Lorg/springframework/beans/factory/support/RootBeanDefinition;[Ljava/lang/Object;)Lorg/springframework/beans/BeanWrapper; (245 bytes) @ 0x000002331c3e1f7c [0x000002331c3e1940+0x000000000000063c]
J 17588 c1 org.springframework.beans.factory.support.AbstractAutowireCapableBeanFactory.doCreateBean(Ljava/lang/String;Lorg/springframework/beans/factory/support/RootBeanDefinition;[Ljava/lang/Object;)Ljava/lang/Object; (465 bytes) @ 0x000002331c3dbc2c [0x000002331c3dba80+0x00000000000001ac]
J 17583 c1 org.springframework.beans.factory.support.AbstractAutowireCapableBeanFactory.createBean(Ljava/lang/String;Lorg/springframework/beans/factory/support/RootBeanDefinition;[Ljava/lang/Object;)Ljava/lang/Object; (214 bytes) @ 0x000002331bd1632c [0x000002331bd15e40+0x00000000000004ec]
J 17586 c1 org.springframework.beans.factory.support.AbstractBeanFactory$$Lambda+0x00000233282a39c8.getObject()Ljava/lang/Object; (20 bytes) @ 0x000002331bd14b3c [0x000002331bd14aa0+0x000000000000009c]
J 17576 c1 org.springframework.beans.factory.support.DefaultSingletonBeanRegistry.getSingleton(Ljava/lang/String;Lorg/springframework/beans/factory/ObjectFactory;)Ljava/lang/Object; (1299 bytes) @ 0x000002331c237834 [0x000002331c236580+0x00000000000012b4]
J 15858 c1 org.springframework.beans.factory.support.AbstractBeanFactory.doGetBean(Ljava/lang/String;Ljava/lang/Class;[Ljava/lang/Object;Z)Ljava/lang/Object; (787 bytes) @ 0x000002331c0e4494 [0x000002331c0e3da0+0x00000000000006f4]
J 19432 c1 org.springframework.beans.factory.support.DefaultListableBeanFactory.instantiateSingleton(Ljava/lang/String;)V (56 bytes) @ 0x000002331c456474 [0x000002331c456020+0x0000000000000454]
J 19431 c1 org.springframework.beans.factory.support.DefaultListableBeanFactory.preInstantiateSingleton(Ljava/lang/String;Lorg/springframework/beans/factory/support/RootBeanDefinition;)Ljava/util/concurrent/CompletableFuture; (165 bytes) @ 0x000002331c457004 [0x000002331c456d60+0x00000000000002a4]
j  org.springframework.beans.factory.support.DefaultListableBeanFactory.preInstantiateSingletons()V+130
j  org.springframework.context.support.AbstractApplicationContext.finishBeanFactoryInitialization(Lorg/springframework/beans/factory/config/ConfigurableListableBeanFactory;)V+290
j  org.springframework.context.support.AbstractApplicationContext.refresh()V+94
j  org.springframework.boot.web.servlet.context.ServletWebServerApplicationContext.refresh()V+1
j  org.springframework.boot.SpringApplication.refresh(Lorg/springframework/context/ConfigurableApplicationContext;)V+1
j  org.springframework.boot.SpringApplication.refreshContext(Lorg/springframework/context/ConfigurableApplicationContext;)V+19
j  org.springframework.boot.SpringApplication.run([Ljava/lang/String;)Lorg/springframework/context/ConfigurableApplicationContext;+113
j  org.springframework.boot.SpringApplication.run([Ljava/lang/Class;[Ljava/lang/String;)Lorg/springframework/context/ConfigurableApplicationContext;+9
j  org.springframework.boot.SpringApplication.run(Ljava/lang/Class;[Ljava/lang/String;)Lorg/springframework/context/ConfigurableApplicationContext;+9
j  kr.or.ddit.MohaengProjectApplication.main([Ljava/lang/String;)V+3
j  java.lang.invoke.LambdaForm$DMH+0x0000023328004c00.invokeStatic(Ljava/lang/Object;Ljava/lang/Object;)V+10 java.base@21.0.8
j  java.lang.invoke.LambdaForm$MH+0x0000023328b21c00.invoke(Ljava/lang/Object;Ljava/lang/Object;Ljava/lang/Object;)Ljava/lang/Object;+33 java.base@21.0.8
J 4380 c1 jdk.internal.reflect.DirectMethodHandleAccessor.invoke(Ljava/lang/Object;[Ljava/lang/Object;)Ljava/lang/Object; java.base@21.0.8 (92 bytes) @ 0x000002331c03a804 [0x000002331c03a4a0+0x0000000000000364]
J 13507 c1 java.lang.reflect.Method.invoke(Ljava/lang/Object;[Ljava/lang/Object;)Ljava/lang/Object; java.base@21.0.8 (108 bytes) @ 0x000002331b9fe4f4 [0x000002331b9fe300+0x00000000000001f4]
j  org.springframework.boot.devtools.restart.RestartLauncher.run()V+47
v  ~StubRoutines::call_stub 0x000002331b2b100d

siginfo: EXCEPTION_ACCESS_VIOLATION (0xc0000005), reading address 0x000002334e72b457


Registers:
RAX=0x0000000000000000, RBX=0x000000000000006e, RCX=0x000000dacc2fd5c0, RDX=0x000000dacc2fd5c0
RSP=0x000000dace1fe098, RBP=0x000000dace1fe270, RSI=0x000000dacc2fd5c0, RDI=0x000000dacc2fd5c0
R8 =0x000002334e72b44f, R9 =0x000000dacc2fd5c0, R10=0x0000023317928be0, R11=0x000000dace1fe2e8
R12=0x00000233275427f8, R13=0x000000dacc2fd5c0, R14=0x000002336de32b10, R15=0x000002334e72b44f
RIP=0x00007ffe34cdc556, EFLAGS=0x0000000000010202

XMM[0]=0x3b3b3b3b3b3b3b3b 0x3b3b3b3b3b3b3b3b
XMM[1]=0x0000000000000000 0x00000000000000ff
XMM[2]=0x0000000000000000 0x0000000000000000
XMM[3]=0x0000000000000000 0x40c5f38fe7ea5f85
XMM[4]=0x0000000000000000 0x0000000000000000
XMM[5]=0x0000000000000000 0x0000000000000000
XMM[6]=0x0000000000000000 0x0000000000000000
XMM[7]=0x0000000000000000 0x0000000000000000
XMM[8]=0x0000000000000000 0x0000000000000000
XMM[9]=0x0000000000000000 0x0000000000000000
XMM[10]=0x0000000000000000 0x0000000000000000
XMM[11]=0x0000000000000000 0x0000000000000000
XMM[12]=0x0000000000000000 0x0000000000000000
XMM[13]=0x0000000000000000 0x0000000000000000
XMM[14]=0x0000000000000000 0x0000000000000000
XMM[15]=0x0000000000000000 0x0000000000000000
  MXCSR=0x00001fa0


Register to memory mapping:

RAX=0x0 is null
RBX=0x000000000000006e is an unknown value
RCX=0x000000dacc2fd5c0 is pointing into the stack for thread: 0x000002336eef6c60
RDX=0x000000dacc2fd5c0 is pointing into the stack for thread: 0x000002336eef6c60
RSP=0x000000dace1fe098 points into unknown readable memory: 0x00007ffe3502a6eb | eb a6 02 35 fe 7f 00 00
RBP=0x000000dace1fe270 points into unknown readable memory: 0x0000023300000000 | 00 00 00 00 33 02 00 00
RSI=0x000000dacc2fd5c0 is pointing into the stack for thread: 0x000002336eef6c60
RDI=0x000000dacc2fd5c0 is pointing into the stack for thread: 0x000002336eef6c60
R8 =0x000002334e72b44f is an unknown value
R9 =0x000000dacc2fd5c0 is pointing into the stack for thread: 0x000002336eef6c60
R10=0x0000023317928be0 points into unknown readable memory: 0x00007ffe356fad50 | 50 ad 6f 35 fe 7f 00 00
R11=0x000000dace1fe2e8 points into unknown readable memory: 0x00007ffe34fe6fdd | dd 6f fe 34 fe 7f 00 00
R12=0x00000233275427f8 is pointing into metadata
R13=0x000000dacc2fd5c0 is pointing into the stack for thread: 0x000002336eef6c60
R14=0x000002336de32b10 points into unknown readable memory: 0x00007ffe35702068 | 68 20 70 35 fe 7f 00 00
R15=0x000002334e72b44f is an unknown value

Top of Stack: (sp=0x000000dace1fe098)
0x000000dace1fe098:   00007ffe3502a6eb 0000000000000000
0x000000dace1fe0a8:   0000000000000000 0000000000000000
0x000000dace1fe0b8:   000000000000000e 000000dace1fe1e0
0x000000dace1fe0c8:   00007ffe34ff8f05 000002336e942d08
0x000000dace1fe0d8:   00007ffe3546b3f1 00000000000001d0
0x000000dace1fe0e8:   00007ffe353903b2 000002336e942ca8
0x000000dace1fe0f8:   0000000000000000 000002336c793870
0x000000dace1fe108:   0000023326c80cc0 00000233275427f8
0x000000dace1fe118:   000000dacc2fd5c0 000000dacc2fd5c0
0x000000dace1fe128:   000000dace1fe270 000002336cc54cc8
0x000000dace1fe138:   00007ffe35038b5c 000000dace1fe200
0x000000dace1fe148:   000000dace1fe440 0000023327480090
0x000000dace1fe158:   0000000000000000 000002336cc54cc8
0x000000dace1fe168:   00007ffe34fe758b 0000000000000001
0x000000dace1fe178:   000000dace1fe440 000002336cc54cc8
0x000000dace1fe188:   000000dace1fe440 0000000f1b9e6a01
0x000000dace1fe198:   00000233270b5da0 000002336c80bd80
0x000000dace1fe1a8:   0000023300000003 00000000000003d8
0x000000dace1fe1b8:   0000023326c80cd0 0000023326c810a8
0x000000dace1fe1c8:   000002332772b44f 00000233000000b8
0x000000dace1fe1d8:   00000233270b5da0 00007ffe356f95f0
0x000000dace1fe1e8:   000000dace1fe440 000002336e942ca8
0x000000dace1fe1f8:   0000000300000001 00000233275427f8
0x000000dace1fe208:   0000001300000001 0000000000000032
0x000000dace1fe218:   000000010000000c 0000023327480090
0x000000dace1fe228:   0000000000000000 000002331b9e6a90
0x000000dace1fe238:   0000d12d83d74607 00007ffe35530f90
0x000000dace1fe248:   000000dace1fe2d0 00000000000003d8
0x000000dace1fe258:   0000023326c810a8 000002332712fec8
0x000000dace1fe268:   000000021b9e0014 0000023300000000
0x000000dace1fe278:   0000000000000001 000002336e942ca8
0x000000dace1fe288:   00007ffe35038dae 0000000000000000 

Instructions: (pc=0x00007ffe34cdc556)
0x00007ffe34cdc456:   48 8b 05 13 69 cd 00 48 8b 48 60 48 8b 04 d1 48
0x00007ffe34cdc466:   85 c0 75 08 48 8b 05 07 69 cd 00 c3 48 8b 05 f7
0x00007ffe34cdc476:   68 cd 00 c3 cc cc cc cc cc cc 8b 05 b2 3b c2 00
0x00007ffe34cdc486:   c3 cc cc cc cc cc cc cc cc cc 0f b6 05 d8 50 c2
0x00007ffe34cdc496:   00 48 8b d1 84 c0 74 16 44 8b 41 08 8b 0d 90 3b
0x00007ffe34cdc4a6:   c2 00 49 d3 e0 4c 03 05 7e 3b c2 00 eb 04 4c 8b
0x00007ffe34cdc4b6:   41 08 45 8b 48 08 45 85 c9 7e 0e 41 f6 c1 01 75
0x00007ffe34cdc4c6:   53 41 c1 f9 03 49 63 c1 c3 79 49 84 c0 41 b8 0c
0x00007ffe34cdc4d6:   00 00 00 8b 05 c9 4c c2 00 b9 10 00 00 00 41 0f
0x00007ffe34cdc4e6:   45 c8 ff c8 4c 63 c0 41 8b c1 48 c1 f8 10 0f b6
0x00007ffe34cdc4f6:   c0 48 63 14 11 41 8b c9 83 e1 3f 48 d3 e2 49 8d
0x00007ffe34cdc506:   0c 10 49 f7 d0 48 03 c1 49 c1 e8 03 48 c1 e8 03
0x00007ffe34cdc516:   49 23 c0 c3 49 8b 00 49 8b c8 48 ff a0 00 01 00
0x00007ffe34cdc526:   00 cc cc cc cc cc cc cc cc cc 8b 44 24 30 45 03
0x00007ffe34cdc536:   c9 44 2b 4c 24 28 83 c0 0b 44 03 ca 45 03 c8 41
0x00007ffe34cdc546:   03 c1 c3 cc cc cc cc cc cc cc 4c 8b c2 48 8b d1
0x00007ffe34cdc556:   45 8b 48 08 45 85 c9 7e 0e 41 f6 c1 01 75 56 41
0x00007ffe34cdc566:   c1 f9 03 49 63 c1 c3 79 4c 80 3d f9 4f c2 00 00
0x00007ffe34cdc576:   b8 0c 00 00 00 b9 10 00 00 00 0f 45 c8 8b 05 1f
0x00007ffe34cdc586:   4c c2 00 ff c8 4c 63 c0 41 8b c1 48 c1 f8 10 48
0x00007ffe34cdc596:   63 14 11 41 8b c9 83 e1 3f 0f b6 c0 48 d3 e2 49
0x00007ffe34cdc5a6:   8d 0c 10 49 f7 d0 48 03 c1 49 c1 e8 03 48 c1 e8
0x00007ffe34cdc5b6:   03 49 23 c0 c3 49 8b 00 49 8b c8 48 ff a0 00 01
0x00007ffe34cdc5c6:   00 00 cc cc cc cc cc cc cc cc 48 8b 41 08 0f b7
0x00007ffe34cdc5d6:   48 2c 0f b7 40 2a 83 c0 48 03 c1 c3 cc cc cc cc
0x00007ffe34cdc5e6:   cc cc cc cc cc cc cc cc cc cc 48 89 5c 24 08 57
0x00007ffe34cdc5f6:   48 83 ec 20 0f b6 05 bf 50 cd 00 48 8b fa 48 8b
0x00007ffe34cdc606:   d9 84 c0 74 4f 48 85 15 66 48 cd 00 74 38 48 8b
0x00007ffe34cdc616:   ca e8 74 34 8d 00 48 8b d0 48 85 db 74 25 48 85
0x00007ffe34cdc626:   c0 74 20 48 8b c7 f0 48 0f b1 13 74 16 48 85 05
0x00007ffe34cdc636:   3e 48 cd 00 74 0d 48 8b c8 f0 48 0f b1 13 48 3b
0x00007ffe34cdc646:   c1 75 ea 48 8b fa 48 8b c7 48 8b 5c 24 30 48 83 


Stack slot to memory mapping:

stack at sp + 0 slots: 0x00007ffe3502a6eb jvm.dll
stack at sp + 1 slots: 0x0 is null
stack at sp + 2 slots: 0x0 is null
stack at sp + 3 slots: 0x0 is null
stack at sp + 4 slots: 0x000000000000000e is an unknown value
stack at sp + 5 slots: 0x000000dace1fe1e0 points into unknown readable memory: 0x00007ffe356f95f0 | f0 95 6f 35 fe 7f 00 00
stack at sp + 6 slots: 0x00007ffe34ff8f05 jvm.dll
stack at sp + 7 slots: 0x000002336e942d08 points into unknown readable memory: 0x00007ffe35703d80 | 80 3d 70 35 fe 7f 00 00


---------------  P R O C E S S  ---------------

Threads class SMR info:
_java_thread_list=0x000002336c9a70e0, length=31, elements={
0x00000233268ed130, 0x00000233268edd80, 0x00000233268f0750, 0x00000233268f31b0,
0x00000233268f7e90, 0x00000233268fa8f0, 0x0000023326903890, 0x0000023326a28da0,
0x0000023326a9c450, 0x0000023326a9ef00, 0x0000023326aa16a0, 0x000002336c658b40,
0x000002336c7d5320, 0x000002336c80ff30, 0x000002336c82c880, 0x000002336ccb9510,
0x000002336cce4040, 0x000002336e1f75e0, 0x000002336e1f7c70, 0x000002336ee2e850,
0x000002336eefbb20, 0x000002336eef72f0, 0x000002336eefa770, 0x000002336eefd560,
0x000002336eefdbf0, 0x000002336ee33080, 0x000002336e1f6230, 0x000002336eef6c60,
0x000002336eefc1b0, 0x000002336eefae00, 0x000002336eef8d30
}

Java Threads: ( => current thread )
  0x00000233268ed130 JavaThread "Reference Handler"          daemon [_thread_blocked, id=25776, stack(0x000000daccc00000,0x000000daccd00000) (1024K)]
  0x00000233268edd80 JavaThread "Finalizer"                  daemon [_thread_blocked, id=19876, stack(0x000000daccd00000,0x000000dacce00000) (1024K)]
  0x00000233268f0750 JavaThread "Signal Dispatcher"          daemon [_thread_blocked, id=18012, stack(0x000000dacce00000,0x000000daccf00000) (1024K)]
  0x00000233268f31b0 JavaThread "Attach Listener"            daemon [_thread_blocked, id=23368, stack(0x000000daccf00000,0x000000dacd000000) (1024K)]
  0x00000233268f7e90 JavaThread "Service Thread"             daemon [_thread_blocked, id=24500, stack(0x000000dacd000000,0x000000dacd100000) (1024K)]
  0x00000233268fa8f0 JavaThread "Monitor Deflation Thread"   daemon [_thread_blocked, id=25320, stack(0x000000dacd100000,0x000000dacd200000) (1024K)]
  0x0000023326903890 JavaThread "C1 CompilerThread0"         daemon [_thread_blocked, id=952, stack(0x000000dacd200000,0x000000dacd300000) (1024K)]
  0x0000023326a28da0 JavaThread "Common-Cleaner"             daemon [_thread_blocked, id=25372, stack(0x000000dacd400000,0x000000dacd500000) (1024K)]
  0x0000023326a9c450 JavaThread "JDWP Transport Listener: dt_socket" daemon [_thread_blocked, id=20380, stack(0x000000dacd600000,0x000000dacd700000) (1024K)]
  0x0000023326a9ef00 JavaThread "JDWP Event Helper Thread"   daemon [_thread_blocked, id=13548, stack(0x000000dacd700000,0x000000dacd800000) (1024K)]
  0x0000023326aa16a0 JavaThread "JDWP Command Reader"        daemon [_thread_in_native, id=18912, stack(0x000000dacd800000,0x000000dacd900000) (1024K)]
  0x000002336c658b40 JavaThread "Notification Thread"        daemon [_thread_blocked, id=1516, stack(0x000000dacd900000,0x000000dacda00000) (1024K)]
  0x000002336c7d5320 JavaThread "RMI TCP Accept-0"           daemon [_thread_in_native, id=7208, stack(0x000000dacdb00000,0x000000dacdc00000) (1024K)]
  0x000002336c80ff30 JavaThread "RMI TCP Accept-52421"       daemon [_thread_in_native, id=12544, stack(0x000000dace400000,0x000000dace500000) (1024K)]
  0x000002336c82c880 JavaThread "RMI TCP Accept-0"           daemon [_thread_in_native, id=6660, stack(0x000000dace500000,0x000000dace600000) (1024K)]
  0x000002336ccb9510 JavaThread "RMI Scheduler(0)"           daemon [_thread_blocked, id=22760, stack(0x000000dace700000,0x000000dace800000) (1024K)]
  0x000002336cce4040 JavaThread "JMX server connection timeout 47" daemon [_thread_blocked, id=19600, stack(0x000000dace900000,0x000000dacea00000) (1024K)]
  0x000002336e1f75e0 JavaThread "Live Reload Server"         daemon [_thread_in_native, id=16220, stack(0x000000dacfd00000,0x000000dacfe00000) (1024K)]
  0x000002336e1f7c70 JavaThread "http-nio-8272-exec-2"       daemon [_thread_blocked, id=4360, stack(0x000000dacfe00000,0x000000dacff00000) (1024K)]
  0x000002336ee2e850 JavaThread "DestroyJavaVM"                     [_thread_blocked, id=13384, stack(0x000000dacc400000,0x000000dacc500000) (1024K)]
  0x000002336eefbb20 JavaThread "RMI TCP Connection(10)-127.0.0.1" daemon [_thread_blocked, id=10740, stack(0x000000dad1300000,0x000000dad1400000) (1024K)]
  0x000002336eef72f0 JavaThread "JMX server connection timeout 92" daemon [_thread_blocked, id=7456, stack(0x000000dacee00000,0x000000dacef00000) (1024K)]
  0x000002336eefa770 JavaThread "oracle.jdbc.diagnostics.Diagnostic.CLOCK" daemon [_thread_blocked, id=8060, stack(0x000000dacf400000,0x000000dacf500000) (1024K)]
  0x000002336eefd560 JavaThread "oracle.jdbc.driver.BlockSource.ThreadedCachingBlockSource.BlockReleaser" daemon [_thread_blocked, id=14856, stack(0x000000dacf500000,0x000000dacf600000) (1024K)]
  0x000002336eefdbf0 JavaThread "InterruptTimer"             daemon [_thread_blocked, id=16044, stack(0x000000dacf700000,0x000000dacf800000) (1024K)]
  0x000002336ee33080 JavaThread "RMI TCP Connection(idle)"   daemon [_thread_blocked, id=17968, stack(0x000000dad0600000,0x000000dad0700000) (1024K)]
  0x000002336e1f6230 JavaThread "Thread-13"                         [_thread_blocked, id=8452, stack(0x000000dacc100000,0x000000dacc200000) (1024K)]
  0x000002336eef6c60 JavaThread "restartedMain"                     [_thread_blocked, id=14572, stack(0x000000dacc200000,0x000000dacc300000) (1024K)]
  0x000002336eefc1b0 JavaThread "Catalina-utility-1"                [_thread_blocked, id=18864, stack(0x000000dacfa00000,0x000000dacfb00000) (1024K)]
  0x000002336eefae00 JavaThread "Catalina-utility-2"                [_thread_blocked, id=20372, stack(0x000000dacfb00000,0x000000dacfc00000) (1024K)]
  0x000002336eef8d30 JavaThread "container-0"                       [_thread_blocked, id=7460, stack(0x000000dacfc00000,0x000000dacfd00000) (1024K)]
Total: 31

Other Threads:
  0x00000233268d3c10 VMThread "VM Thread"                           [id=25652, stack(0x000000daccb00000,0x000000daccc00000) (1024K)]
  0x00000233268c2220 WatcherThread "VM Periodic Task Thread"        [id=22236, stack(0x000000dacca00000,0x000000daccb00000) (1024K)]
  0x000002331797f550 WorkerThread "GC Thread#0"                     [id=19528, stack(0x000000dacc500000,0x000000dacc600000) (1024K)]
  0x000002336c7e2550 WorkerThread "GC Thread#1"                     [id=22252, stack(0x000000dacdc00000,0x000000dacdd00000) (1024K)]
  0x000002336c7e3100 WorkerThread "GC Thread#2"                     [id=24108, stack(0x000000dacdd00000,0x000000dacde00000) (1024K)]
  0x000002336c7e34a0 WorkerThread "GC Thread#3"                     [id=8312, stack(0x000000dacde00000,0x000000dacdf00000) (1024K)]
  0x000002336c7e3840 WorkerThread "GC Thread#4"                     [id=26272, stack(0x000000dacdf00000,0x000000dace000000) (1024K)]
  0x000002336c7e3be0 WorkerThread "GC Thread#5"                     [id=3100, stack(0x000000dace000000,0x000000dace100000) (1024K)]
=>0x000002336c80bd80 WorkerThread "GC Thread#6"                     [id=25756, stack(0x000000dace100000,0x000000dace200000) (1024K)]
  0x000002336c80c120 WorkerThread "GC Thread#7"                     [id=26240, stack(0x000000dace200000,0x000000dace300000) (1024K)]
  0x000002336c80dad0 WorkerThread "GC Thread#8"                     [id=20636, stack(0x000000dace300000,0x000000dace400000) (1024K)]
  0x000002336c80cff0 WorkerThread "GC Thread#9"                     [id=24428, stack(0x000000dacea00000,0x000000daceb00000) (1024K)]
  0x000002336c80c510 WorkerThread "GC Thread#10"                    [id=19924, stack(0x000000daceb00000,0x000000dacec00000) (1024K)]
  0x000002336c80de70 WorkerThread "GC Thread#11"                    [id=3344, stack(0x000000dacec00000,0x000000daced00000) (1024K)]
  0x000002336c80d390 WorkerThread "GC Thread#12"                    [id=1044, stack(0x000000daced00000,0x000000dacee00000) (1024K)]
  0x00000233179911d0 ConcurrentGCThread "G1 Main Marker"            [id=26524, stack(0x000000dacc600000,0x000000dacc700000) (1024K)]
  0x0000023317991a80 WorkerThread "G1 Conc#0"                       [id=21764, stack(0x000000dacc700000,0x000000dacc800000) (1024K)]
  0x000002336c80cc50 WorkerThread "G1 Conc#1"                       [id=7680, stack(0x000000dacf100000,0x000000dacf200000) (1024K)]
  0x000002336d1bed90 WorkerThread "G1 Conc#2"                       [id=17476, stack(0x000000dacf200000,0x000000dacf300000) (1024K)]
  0x0000023326791dd0 ConcurrentGCThread "G1 Refine#0"               [id=24168, stack(0x000000dacc800000,0x000000dacc900000) (1024K)]
  0x00000233267926f0 ConcurrentGCThread "G1 Service"                [id=10472, stack(0x000000dacc900000,0x000000dacca00000) (1024K)]
Total: 21

Threads with active compile tasks:
Total: 0

VM state: at safepoint (normal execution)

VM Mutex/Monitor currently owned by a thread:  ([mutex/lock_event])
[0x00007ffe35985458] Threads_lock - owner thread: 0x00000233268d3c10
[0x00007ffe35985558] Heap_lock - owner thread: 0x000002336eefbb20

Heap address: 0x0000000702600000, size: 4058 MB, Compressed Oops mode: Zero based, Oop shift amount: 3

CDS archive(s) mapped at: [0x0000023327000000-0x0000023327c80000-0x0000023327c80000), size 13107200, SharedBaseAddress: 0x0000023327000000, ArchiveRelocationMode: 1.
Compressed class space mapped at: 0x0000023328000000-0x0000023368000000, reserved size: 1073741824
Narrow klass base: 0x0000023327000000, Narrow klass shift: 0, Narrow klass range: 0x100000000

GC Precious Log:
 CardTable entry size: 512
 Card Set container configuration: InlinePtr #cards 4 size 8 Array Of Cards #cards 16 size 48 Howl #buckets 8 coarsen threshold 3686 Howl Bitmap #cards 512 size 80 coarsen threshold 460 Card regions per heap region 1 cards per card region 4096
 CPUs: 16 total, 16 available
 Memory: 16226M
 Large Page Support: Disabled
 NUMA Support: Disabled
 Compressed Oops: Enabled (Zero based)
 Heap Region Size: 2M
 Heap Min Capacity: 8M
 Heap Initial Capacity: 254M
 Heap Max Capacity: 4058M
 Pre-touch: Disabled
 Parallel Workers: 13
 Concurrent Workers: 3
 Concurrent Refinement Workers: 13
 Periodic GC: Disabled

Heap:
 garbage-first heap   total 131072K, used 112611K [0x0000000702600000, 0x0000000800000000)
  region size 2048K, 35 young (71680K), 3 survivors (6144K)
 Metaspace       used 83732K, committed 84672K, reserved 1179648K
  class space    used 10949K, committed 11392K, reserved 1048576K

Heap Regions: E=young(eden), S=young(survivor), O=old, HS=humongous(starts), HC=humongous(continues), CS=collection set, F=free, TAMS=top-at-mark-start, PB=parsable bottom
|   0|0x0000000702600000, 0x0000000702800000, 0x0000000702800000|100%| O|  |TAMS 0x0000000702800000| PB 0x0000000702600000| Untracked 
|   1|0x0000000702800000, 0x00000007029ffff0, 0x0000000702a00000| 99%| O|  |TAMS 0x00000007029ffff0| PB 0x0000000702800000| Untracked 
|   2|0x0000000702a00000, 0x0000000702c00000, 0x0000000702c00000|100%| O|  |TAMS 0x0000000702c00000| PB 0x0000000702a00000| Untracked 
|   3|0x0000000702c00000, 0x0000000702dffff8, 0x0000000702e00000| 99%| O|  |TAMS 0x0000000702dffff8| PB 0x0000000702c00000| Untracked 
|   4|0x0000000702e00000, 0x0000000702ffffe8, 0x0000000703000000| 99%| O|  |TAMS 0x0000000702ffffe8| PB 0x0000000702e00000| Untracked 
|   5|0x0000000703000000, 0x00000007031ffff0, 0x0000000703200000| 99%| O|  |TAMS 0x00000007031ffff0| PB 0x0000000703000000| Untracked 
|   6|0x0000000703200000, 0x00000007033fffa8, 0x0000000703400000| 99%| O|  |TAMS 0x00000007033fffa8| PB 0x0000000703200000| Untracked 
|   7|0x0000000703400000, 0x000000070347bc10, 0x0000000703600000| 24%| O|  |TAMS 0x000000070347bc10| PB 0x0000000703400000| Untracked 
|   8|0x0000000703600000, 0x0000000703800000, 0x0000000703800000|100%| O|  |TAMS 0x0000000703800000| PB 0x0000000703600000| Untracked 
|   9|0x0000000703800000, 0x0000000703a00000, 0x0000000703a00000|100%| O|  |TAMS 0x0000000703a00000| PB 0x0000000703800000| Untracked 
|  10|0x0000000703a00000, 0x0000000703bfffe8, 0x0000000703c00000| 99%| O|  |TAMS 0x0000000703bfffe8| PB 0x0000000703a00000| Untracked 
|  11|0x0000000703c00000, 0x0000000703dfff98, 0x0000000703e00000| 99%| O|  |TAMS 0x0000000703dfff98| PB 0x0000000703c00000| Untracked 
|  12|0x0000000703e00000, 0x0000000703ffffb0, 0x0000000704000000| 99%| O|  |TAMS 0x0000000703ffffb0| PB 0x0000000703e00000| Untracked 
|  13|0x0000000704000000, 0x00000007040f9dd8, 0x0000000704200000| 48%| O|  |TAMS 0x00000007040f9dd8| PB 0x0000000704000000| Untracked 
|  14|0x0000000704200000, 0x00000007043f4130, 0x0000000704400000| 97%| O|  |TAMS 0x00000007043f4130| PB 0x0000000704200000| Untracked 
|  15|0x0000000704400000, 0x00000007045fff48, 0x0000000704600000| 99%| O|  |TAMS 0x00000007045fff48| PB 0x0000000704400000| Untracked 
|  16|0x0000000704600000, 0x00000007047fa828, 0x0000000704800000| 98%| O|  |TAMS 0x00000007047fa828| PB 0x0000000704600000| Untracked 
|  17|0x0000000704800000, 0x0000000704a00000, 0x0000000704a00000|100%| O|  |TAMS 0x0000000704a00000| PB 0x0000000704800000| Untracked 
|  18|0x0000000704a00000, 0x0000000704c00000, 0x0000000704c00000|100%| O|  |TAMS 0x0000000704c00000| PB 0x0000000704a00000| Untracked 
|  19|0x0000000704c00000, 0x0000000704c53200, 0x0000000704e00000| 16%| O|  |TAMS 0x0000000704c53200| PB 0x0000000704c00000| Untracked 
|  20|0x0000000704e00000, 0x0000000704e00000, 0x0000000705000000|  0%| F|  |TAMS 0x0000000704e00000| PB 0x0000000704e00000| Untracked 
|  21|0x0000000705000000, 0x00000007051d0508, 0x0000000705200000| 90%| O|  |TAMS 0x00000007051d0508| PB 0x0000000705000000| Untracked 
|  22|0x0000000705200000, 0x0000000705200000, 0x0000000705400000|  0%| F|  |TAMS 0x0000000705200000| PB 0x0000000705200000| Untracked 
|  23|0x0000000705400000, 0x0000000705400000, 0x0000000705600000|  0%| F|  |TAMS 0x0000000705400000| PB 0x0000000705400000| Untracked 
|  24|0x0000000705600000, 0x00000007056791a0, 0x0000000705800000| 23%| S|  |TAMS 0x0000000705600000| PB 0x0000000705600000| Complete 
|  25|0x0000000705800000, 0x0000000705a00000, 0x0000000705a00000|100%| S|  |TAMS 0x0000000705800000| PB 0x0000000705800000| Complete 
|  26|0x0000000705a00000, 0x0000000705c00000, 0x0000000705c00000|100%| O|  |TAMS 0x0000000705c00000| PB 0x0000000705a00000| Untracked 
|  27|0x0000000705c00000, 0x0000000705e00000, 0x0000000705e00000|100%| O|  |TAMS 0x0000000705e00000| PB 0x0000000705c00000| Untracked 
|  28|0x0000000705e00000, 0x0000000705fa8360, 0x0000000706000000| 82%| O|  |TAMS 0x0000000705fa8360| PB 0x0000000705e00000| Untracked 
|  29|0x0000000706000000, 0x0000000706200000, 0x0000000706200000|100%| S|  |TAMS 0x0000000706000000| PB 0x0000000706000000| Complete 
|  30|0x0000000706200000, 0x0000000706400000, 0x0000000706400000|100%| E|CS|TAMS 0x0000000706200000| PB 0x0000000706200000| Complete 
|  31|0x0000000706400000, 0x00000007064c92c0, 0x0000000706600000| 39%| E|CS|TAMS 0x0000000706400000| PB 0x0000000706400000| Complete 
|  32|0x0000000706600000, 0x0000000706800000, 0x0000000706800000|100%| E|CS|TAMS 0x0000000706600000| PB 0x0000000706600000| Complete 
|  33|0x0000000706800000, 0x0000000706a00000, 0x0000000706a00000|100%| E|CS|TAMS 0x0000000706800000| PB 0x0000000706800000| Complete 
|  34|0x0000000706a00000, 0x0000000706c00000, 0x0000000706c00000|100%| E|CS|TAMS 0x0000000706a00000| PB 0x0000000706a00000| Complete 
|  35|0x0000000706c00000, 0x0000000706e00000, 0x0000000706e00000|100%| E|CS|TAMS 0x0000000706c00000| PB 0x0000000706c00000| Complete 
|  36|0x0000000706e00000, 0x0000000707000000, 0x0000000707000000|100%| E|CS|TAMS 0x0000000706e00000| PB 0x0000000706e00000| Complete 
|  37|0x0000000707000000, 0x0000000707200000, 0x0000000707200000|100%| E|CS|TAMS 0x0000000707000000| PB 0x0000000707000000| Complete 
|  38|0x0000000707200000, 0x0000000707400000, 0x0000000707400000|100%| E|CS|TAMS 0x0000000707200000| PB 0x0000000707200000| Complete 
|  39|0x0000000707400000, 0x0000000707600000, 0x0000000707600000|100%| E|CS|TAMS 0x0000000707400000| PB 0x0000000707400000| Complete 
|  40|0x0000000707600000, 0x0000000707800000, 0x0000000707800000|100%| E|CS|TAMS 0x0000000707600000| PB 0x0000000707600000| Complete 
|  41|0x0000000707800000, 0x0000000707a00000, 0x0000000707a00000|100%| E|CS|TAMS 0x0000000707800000| PB 0x0000000707800000| Complete 
|  42|0x0000000707a00000, 0x0000000707c00000, 0x0000000707c00000|100%| E|CS|TAMS 0x0000000707a00000| PB 0x0000000707a00000| Complete 
|  43|0x0000000707c00000, 0x0000000707e00000, 0x0000000707e00000|100%| E|CS|TAMS 0x0000000707c00000| PB 0x0000000707c00000| Complete 
|  44|0x0000000707e00000, 0x0000000708000000, 0x0000000708000000|100%| E|CS|TAMS 0x0000000707e00000| PB 0x0000000707e00000| Complete 
|  45|0x0000000708000000, 0x0000000708200000, 0x0000000708200000|100%| E|CS|TAMS 0x0000000708000000| PB 0x0000000708000000| Complete 
|  46|0x0000000708200000, 0x0000000708400000, 0x0000000708400000|100%| E|CS|TAMS 0x0000000708200000| PB 0x0000000708200000| Complete 
|  47|0x0000000708400000, 0x0000000708600000, 0x0000000708600000|100%| E|CS|TAMS 0x0000000708400000| PB 0x0000000708400000| Complete 
|  48|0x0000000708600000, 0x0000000708800000, 0x0000000708800000|100%| E|CS|TAMS 0x0000000708600000| PB 0x0000000708600000| Complete 
|  49|0x0000000708800000, 0x0000000708a00000, 0x0000000708a00000|100%| E|CS|TAMS 0x0000000708800000| PB 0x0000000708800000| Complete 
|  50|0x0000000708a00000, 0x0000000708c00000, 0x0000000708c00000|100%| E|CS|TAMS 0x0000000708a00000| PB 0x0000000708a00000| Complete 
|  51|0x0000000708c00000, 0x0000000708e00000, 0x0000000708e00000|100%| E|CS|TAMS 0x0000000708c00000| PB 0x0000000708c00000| Complete 
|  52|0x0000000708e00000, 0x0000000709000000, 0x0000000709000000|100%| E|CS|TAMS 0x0000000708e00000| PB 0x0000000708e00000| Complete 
|  53|0x0000000709000000, 0x0000000709200000, 0x0000000709200000|100%| E|CS|TAMS 0x0000000709000000| PB 0x0000000709000000| Complete 
|  54|0x0000000709200000, 0x0000000709400000, 0x0000000709400000|100%| E|CS|TAMS 0x0000000709200000| PB 0x0000000709200000| Complete 
|  55|0x0000000709400000, 0x0000000709600000, 0x0000000709600000|100%| E|CS|TAMS 0x0000000709400000| PB 0x0000000709400000| Complete 
|  56|0x0000000709600000, 0x0000000709800000, 0x0000000709800000|100%| E|CS|TAMS 0x0000000709600000| PB 0x0000000709600000| Complete 
|  57|0x0000000709800000, 0x0000000709a00000, 0x0000000709a00000|100%| E|CS|TAMS 0x0000000709800000| PB 0x0000000709800000| Complete 
|  58|0x0000000709a00000, 0x0000000709c00000, 0x0000000709c00000|100%| E|CS|TAMS 0x0000000709a00000| PB 0x0000000709a00000| Complete 
|  59|0x0000000709c00000, 0x0000000709e00000, 0x0000000709e00000|100%| E|CS|TAMS 0x0000000709c00000| PB 0x0000000709c00000| Complete 
|  60|0x0000000709e00000, 0x000000070a000000, 0x000000070a000000|100%| E|CS|TAMS 0x0000000709e00000| PB 0x0000000709e00000| Complete 
|  61|0x000000070a000000, 0x000000070a200000, 0x000000070a200000|100%| E|CS|TAMS 0x000000070a000000| PB 0x000000070a000000| Complete 
|  62|0x000000070a200000, 0x000000070a400000, 0x000000070a400000|100%| E|CS|TAMS 0x000000070a200000| PB 0x000000070a200000| Complete 
|  63|0x000000070a400000, 0x000000070a600000, 0x000000070a600000|100%| E|CS|TAMS 0x000000070a400000| PB 0x000000070a400000| Complete 

Card table byte_map: [0x000002331f110000,0x000002331f900000] _byte_map_base: 0x000002331b8fd000

Marking Bits: (CMBitMap*) 0x000002331797fa00
 Bits: [0x000002331f900000, 0x0000023323868000)

Polling page: 0x00000233158e0000

Metaspace:

Usage:
  Non-class:     71.08 MB used.
      Class:     10.69 MB used.
       Both:     81.77 MB used.

Virtual space:
  Non-class space:      128.00 MB reserved,      71.56 MB ( 56%) committed,  2 nodes.
      Class space:        1.00 GB reserved,      11.12 MB (  1%) committed,  1 nodes.
             Both:        1.12 GB reserved,      82.69 MB (  7%) committed. 

Chunk freelists:
   Non-Class:  7.75 MB
       Class:  4.75 MB
        Both:  12.51 MB

MaxMetaspaceSize: unlimited
CompressedClassSpaceSize: 1.00 GB
Initial GC threshold: 21.00 MB
Current GC threshold: 135.44 MB
CDS: on
 - commit_granule_bytes: 65536.
 - commit_granule_words: 8192.
 - virtual_space_node_default_size: 8388608.
 - enlarge_chunks_in_place: 1.
 - use_allocation_guard: 0.


Internal statistics:

num_allocs_failed_limit: 0.
num_arena_births: 3222.
num_arena_deaths: 1804.
num_vsnodes_births: 3.
num_vsnodes_deaths: 0.
num_space_committed: 1325.
num_space_uncommitted: 2.
num_chunks_returned_to_freelist: 2332.
num_chunks_taken_from_freelist: 7546.
num_chunk_merges: 511.
num_chunk_splits: 3995.
num_chunks_enlarged: 2572.
num_inconsistent_stats: 0.

CodeCache: size=49152Kb used=17628Kb max_used=26228Kb free=31523Kb
 bounds [0x000002331b2b0000, 0x000002331d050000, 0x000002331e2b0000]
 total_blobs=8861, nmethods=8049, adapters=733, full_count=0
Compilation: enabled, stopped_count=0, restarted_count=0

Compilation events (20 events):
Event: 10987.782 Thread 0x0000023326903890 26054       1       org.apache.catalina.session.StandardSession::isValid (72 bytes)
Event: 10987.782 Thread 0x0000023326903890 nmethod 26054 0x000002331b95f290 code [0x000002331b95f460, 0x000002331b95f6c0]
Event: 10987.782 Thread 0x0000023326903890 26055       1       org.apache.catalina.session.StandardSession::getIdleTimeInternal (30 bytes)
Event: 10987.782 Thread 0x0000023326903890 nmethod 26055 0x000002331b83de10 code [0x000002331b83dfc0, 0x000002331b83e0f0]
Event: 11041.054 Thread 0x0000023326903890 26056       1       java.net.InetAddress::<init> (21 bytes)
Event: 11041.055 Thread 0x0000023326903890 nmethod 26056 0x000002331b95ed10 code [0x000002331b95eea0, 0x000002331b95f050]
Event: 11041.055 Thread 0x0000023326903890 26058       1       java.net.Socket::isClosed (13 bytes)
Event: 11041.055 Thread 0x0000023326903890 nmethod 26058 0x000002331b986890 code [0x000002331b986a20, 0x000002331b986ad8]
Event: 11041.056 Thread 0x0000023326903890 26057       1       java.net.InetAddress$InetAddressHolder::<init> (5 bytes)
Event: 11041.056 Thread 0x0000023326903890 nmethod 26057 0x000002331b986590 code [0x000002331b986720, 0x000002331b9867e8]
Event: 11161.067 Thread 0x0000023326903890 26059       1       java.net.Socket::isConnected (12 bytes)
Event: 11161.067 Thread 0x0000023326903890 nmethod 26059 0x000002331b986290 code [0x000002331b986420, 0x000002331b9864d8]
Event: 11221.070 Thread 0x0000023326903890 26060       1       java.net.SocketAddress::<init> (5 bytes)
Event: 11221.070 Thread 0x0000023326903890 nmethod 26060 0x000002331b985f90 code [0x000002331b986120, 0x000002331b9861e8]
Event: 11221.070 Thread 0x0000023326903890 26061       1       java.io.DataOutputStream::writeUTF (7 bytes)
Event: 11221.070 Thread 0x0000023326903890 nmethod 26061 0x000002331b985c90 code [0x000002331b985e40, 0x000002331b985f30]
Event: 11221.070 Thread 0x0000023326903890 26062  s    1       java.io.DataOutputStream::write (16 bytes)
Event: 11221.070 Thread 0x0000023326903890 nmethod 26062 0x000002331b985810 code [0x000002331b9859c0, 0x000002331b985bb8]
Event: 11221.070 Thread 0x0000023326903890 26063       1       java.io.DataOutputStream::flush (8 bytes)
Event: 11221.070 Thread 0x0000023326903890 nmethod 26063 0x000002331b985490 code [0x000002331b985640, 0x000002331b985740]

GC Heap History (20 events):
Event: 10073.787 GC heap after
{Heap after GC invocations=111 (full 2):
 garbage-first heap   total 131072K, used 48331K [0x0000000702600000, 0x0000000800000000)
  region size 2048K, 2 young (4096K), 2 survivors (4096K)
 Metaspace       used 80564K, committed 81472K, reserved 1179648K
  class space    used 10675K, committed 11072K, reserved 1048576K
}
Event: 10073.943 GC heap before
{Heap before GC invocations=111 (full 2):
 garbage-first heap   total 131072K, used 109771K [0x0000000702600000, 0x0000000800000000)
  region size 2048K, 33 young (67584K), 2 survivors (4096K)
 Metaspace       used 81245K, committed 82176K, reserved 1179648K
  class space    used 10720K, committed 11136K, reserved 1048576K
}
Event: 10073.945 GC heap after
{Heap after GC invocations=112 (full 2):
 garbage-first heap   total 131072K, used 49802K [0x0000000702600000, 0x0000000800000000)
  region size 2048K, 3 young (6144K), 3 survivors (6144K)
 Metaspace       used 81245K, committed 82176K, reserved 1179648K
  class space    used 10720K, committed 11136K, reserved 1048576K
}
Event: 10074.307 GC heap before
{Heap before GC invocations=113 (full 2):
 garbage-first heap   total 131072K, used 109194K [0x0000000702600000, 0x0000000800000000)
  region size 2048K, 32 young (65536K), 3 survivors (6144K)
 Metaspace       used 81795K, committed 82816K, reserved 1179648K
  class space    used 10780K, committed 11264K, reserved 1048576K
}
Event: 10074.310 GC heap after
{Heap after GC invocations=114 (full 2):
 garbage-first heap   total 131072K, used 52920K [0x0000000702600000, 0x0000000800000000)
  region size 2048K, 4 young (8192K), 4 survivors (8192K)
 Metaspace       used 81795K, committed 82816K, reserved 1179648K
  class space    used 10780K, committed 11264K, reserved 1048576K
}
Event: 10110.685 GC heap before
{Heap before GC invocations=114 (full 2):
 garbage-first heap   total 131072K, used 108216K [0x0000000702600000, 0x0000000800000000)
  region size 2048K, 31 young (63488K), 4 survivors (8192K)
 Metaspace       used 81933K, committed 83008K, reserved 1179648K
  class space    used 10812K, committed 11328K, reserved 1048576K
}
Event: 10110.688 GC heap after
{Heap after GC invocations=115 (full 2):
 garbage-first heap   total 131072K, used 54076K [0x0000000702600000, 0x0000000800000000)
  region size 2048K, 3 young (6144K), 3 survivors (6144K)
 Metaspace       used 81933K, committed 83008K, reserved 1179648K
  class space    used 10812K, committed 11328K, reserved 1048576K
}
Event: 10287.113 GC heap before
{Heap before GC invocations=115 (full 2):
 garbage-first heap   total 131072K, used 111420K [0x0000000702600000, 0x0000000800000000)
  region size 2048K, 31 young (63488K), 3 survivors (6144K)
 Metaspace       used 81933K, committed 83008K, reserved 1179648K
  class space    used 10812K, committed 11328K, reserved 1048576K
}
Event: 10287.115 GC heap after
{Heap after GC invocations=116 (full 2):
 garbage-first heap   total 131072K, used 54222K [0x0000000702600000, 0x0000000800000000)
  region size 2048K, 2 young (4096K), 2 survivors (4096K)
 Metaspace       used 81933K, committed 83008K, reserved 1179648K
  class space    used 10812K, committed 11328K, reserved 1048576K
}
Event: 10326.585 GC heap before
{Heap before GC invocations=117 (full 2):
 garbage-first heap   total 131072K, used 70606K [0x0000000702600000, 0x0000000800000000)
  region size 2048K, 11 young (22528K), 2 survivors (4096K)
 Metaspace       used 81699K, committed 83008K, reserved 1179648K
  class space    used 10755K, committed 11328K, reserved 1048576K
}
Event: 10326.622 GC heap after
{Heap after GC invocations=118 (full 3):
 garbage-first heap   total 131072K, used 36759K [0x0000000702600000, 0x0000000800000000)
  region size 2048K, 0 young (0K), 0 survivors (0K)
 Metaspace       used 81499K, committed 83008K, reserved 1179648K
  class space    used 10710K, committed 11328K, reserved 1048576K
}
Event: 10327.394 GC heap before
{Heap before GC invocations=118 (full 3):
 garbage-first heap   total 131072K, used 114583K [0x0000000702600000, 0x0000000800000000)
  region size 2048K, 38 young (77824K), 0 survivors (0K)
 Metaspace       used 82128K, committed 83200K, reserved 1179648K
  class space    used 10818K, committed 11328K, reserved 1048576K
}
Event: 10327.397 GC heap after
{Heap after GC invocations=119 (full 3):
 garbage-first heap   total 131072K, used 44593K [0x0000000702600000, 0x0000000800000000)
  region size 2048K, 4 young (8192K), 4 survivors (8192K)
 Metaspace       used 82128K, committed 83200K, reserved 1179648K
  class space    used 10818K, committed 11328K, reserved 1048576K
}
Event: 10327.472 GC heap before
{Heap before GC invocations=120 (full 3):
 garbage-first heap   total 131072K, used 50737K [0x0000000702600000, 0x0000000800000000)
  region size 2048K, 8 young (16384K), 4 survivors (8192K)
 Metaspace       used 82139K, committed 83200K, reserved 1179648K
  class space    used 10821K, committed 11328K, reserved 1048576K
}
Event: 10327.475 GC heap after
{Heap after GC invocations=121 (full 3):
 garbage-first heap   total 131072K, used 45292K [0x0000000702600000, 0x0000000800000000)
  region size 2048K, 1 young (2048K), 1 survivors (2048K)
 Metaspace       used 82139K, committed 83200K, reserved 1179648K
  class space    used 10821K, committed 11328K, reserved 1048576K
}
Event: 10327.680 GC heap before
{Heap before GC invocations=122 (full 3):
 garbage-first heap   total 131072K, used 112876K [0x0000000702600000, 0x0000000800000000)
  region size 2048K, 34 young (69632K), 1 survivors (2048K)
 Metaspace       used 82527K, committed 83520K, reserved 1179648K
  class space    used 10868K, committed 11328K, reserved 1048576K
}
Event: 10327.682 GC heap after
{Heap after GC invocations=123 (full 3):
 garbage-first heap   total 131072K, used 46433K [0x0000000702600000, 0x0000000800000000)
  region size 2048K, 2 young (4096K), 2 survivors (4096K)
 Metaspace       used 82527K, committed 83520K, reserved 1179648K
  class space    used 10868K, committed 11328K, reserved 1048576K
}
Event: 10327.734 GC heap before
{Heap before GC invocations=123 (full 3):
 garbage-first heap   total 131072K, used 109921K [0x0000000702600000, 0x0000000800000000)
  region size 2048K, 33 young (67584K), 2 survivors (4096K)
 Metaspace       used 82724K, committed 83712K, reserved 1179648K
  class space    used 10879K, committed 11328K, reserved 1048576K
}
Event: 10327.735 GC heap after
{Heap after GC invocations=124 (full 3):
 garbage-first heap   total 131072K, used 47075K [0x0000000702600000, 0x0000000800000000)
  region size 2048K, 2 young (4096K), 2 survivors (4096K)
 Metaspace       used 82724K, committed 83712K, reserved 1179648K
  class space    used 10879K, committed 11328K, reserved 1048576K
}
Event: 11239.124 GC heap before
{Heap before GC invocations=124 (full 3):
 garbage-first heap   total 131072K, used 110563K [0x0000000702600000, 0x0000000800000000)
  region size 2048K, 34 young (69632K), 2 survivors (4096K)
 Metaspace       used 83732K, committed 84672K, reserved 1179648K
  class space    used 10949K, committed 11392K, reserved 1048576K
}

Dll operation events (12 events):
Event: 0.004 Loaded shared library D:\A_TeachingMaterial\100.FinalProject\TOOL\sts-4.32.1.RELEASE\plugins\org.eclipse.justj.openjdk.hotspot.jre.full.win32.x86_64_21.0.8.v20250724-1412\jre\bin\java.dll
Event: 0.020 Loaded shared library D:\A_TeachingMaterial\100.FinalProject\TOOL\sts-4.32.1.RELEASE\plugins\org.eclipse.justj.openjdk.hotspot.jre.full.win32.x86_64_21.0.8.v20250724-1412\jre\bin\zip.dll
Event: 0.109 Loaded shared library D:\A_TeachingMaterial\100.FinalProject\TOOL\sts-4.32.1.RELEASE\plugins\org.eclipse.justj.openjdk.hotspot.jre.full.win32.x86_64_21.0.8.v20250724-1412\jre\bin\instrument.dll
Event: 0.112 Loaded shared library D:\A_TeachingMaterial\100.FinalProject\TOOL\sts-4.32.1.RELEASE\plugins\org.eclipse.justj.openjdk.hotspot.jre.full.win32.x86_64_21.0.8.v20250724-1412\jre\bin\net.dll
Event: 0.113 Loaded shared library D:\A_TeachingMaterial\100.FinalProject\TOOL\sts-4.32.1.RELEASE\plugins\org.eclipse.justj.openjdk.hotspot.jre.full.win32.x86_64_21.0.8.v20250724-1412\jre\bin\nio.dll
Event: 0.114 Loaded shared library D:\A_TeachingMaterial\100.FinalProject\TOOL\sts-4.32.1.RELEASE\plugins\org.eclipse.justj.openjdk.hotspot.jre.full.win32.x86_64_21.0.8.v20250724-1412\jre\bin\zip.dll
Event: 0.204 Loaded shared library D:\A_TeachingMaterial\100.FinalProject\TOOL\sts-4.32.1.RELEASE\plugins\org.eclipse.justj.openjdk.hotspot.jre.full.win32.x86_64_21.0.8.v20250724-1412\jre\bin\jimage.dll
Event: 0.233 Loaded shared library D:\A_TeachingMaterial\100.FinalProject\TOOL\sts-4.32.1.RELEASE\plugins\org.eclipse.justj.openjdk.hotspot.jre.full.win32.x86_64_21.0.8.v20250724-1412\jre\bin\management.dll
Event: 0.240 Loaded shared library D:\A_TeachingMaterial\100.FinalProject\TOOL\sts-4.32.1.RELEASE\plugins\org.eclipse.justj.openjdk.hotspot.jre.full.win32.x86_64_21.0.8.v20250724-1412\jre\bin\management_ext.dll
Event: 0.366 Loaded shared library D:\A_TeachingMaterial\100.FinalProject\TOOL\sts-4.32.1.RELEASE\plugins\org.eclipse.justj.openjdk.hotspot.jre.full.win32.x86_64_21.0.8.v20250724-1412\jre\bin\extnet.dll
Event: 0.384 Loaded shared library D:\A_TeachingMaterial\100.FinalProject\TOOL\sts-4.32.1.RELEASE\plugins\org.eclipse.justj.openjdk.hotspot.jre.full.win32.x86_64_21.0.8.v20250724-1412\jre\bin\verify.dll
Event: 1.186 Loaded shared library D:\A_TeachingMaterial\100.FinalProject\TOOL\sts-4.32.1.RELEASE\plugins\org.eclipse.justj.openjdk.hotspot.jre.full.win32.x86_64_21.0.8.v20250724-1412\jre\bin\sunmscapi.dll

Deoptimization events (20 events):
Event: 10374.559 Thread 0x000002336ee33080 DEOPT PACKING pc=0x000002331c57f6f4 sp=0x000000dad06fd5e0
Event: 10374.559 Thread 0x000002336ee33080 DEOPT UNPACKING pc=0x000002331b304e42 sp=0x000000dad06fcb30 mode 1
Event: 10374.559 Thread 0x000002336ee33080 DEOPT PACKING pc=0x000002331bf323bc sp=0x000000dad06fd6f0
Event: 10374.559 Thread 0x000002336ee33080 DEOPT UNPACKING pc=0x000002331b304e42 sp=0x000000dad06fcc18 mode 1
Event: 10374.559 Thread 0x000002336ee33080 DEOPT PACKING pc=0x000002331c57f6f4 sp=0x000000dad06fd5e0
Event: 10374.559 Thread 0x000002336ee33080 DEOPT UNPACKING pc=0x000002331b304e42 sp=0x000000dad06fcb30 mode 1
Event: 10374.559 Thread 0x000002336ee33080 DEOPT PACKING pc=0x000002331bf323bc sp=0x000000dad06fd6f0
Event: 10374.559 Thread 0x000002336ee33080 DEOPT UNPACKING pc=0x000002331b304e42 sp=0x000000dad06fcc18 mode 1
Event: 10374.559 Thread 0x000002336ee33080 DEOPT PACKING pc=0x000002331c57f6f4 sp=0x000000dad06fd5c0
Event: 10374.559 Thread 0x000002336ee33080 DEOPT UNPACKING pc=0x000002331b304e42 sp=0x000000dad06fcb10 mode 1
Event: 10374.559 Thread 0x000002336ee33080 DEOPT PACKING pc=0x000002331bde230c sp=0x000000dad06fd6d0
Event: 10374.559 Thread 0x000002336ee33080 DEOPT UNPACKING pc=0x000002331b304e42 sp=0x000000dad06fcc10 mode 1
Event: 10374.559 Thread 0x000002336ee33080 DEOPT PACKING pc=0x000002331c57f6f4 sp=0x000000dad06fd620
Event: 10374.559 Thread 0x000002336ee33080 DEOPT UNPACKING pc=0x000002331b304e42 sp=0x000000dad06fcb88 mode 1
Event: 10374.559 Thread 0x000002336ee33080 DEOPT PACKING pc=0x000002331c57f6f4 sp=0x000000dad06fd5c0
Event: 10374.559 Thread 0x000002336ee33080 DEOPT UNPACKING pc=0x000002331b304e42 sp=0x000000dad06fcb10 mode 1
Event: 10374.559 Thread 0x000002336ee33080 DEOPT PACKING pc=0x000002331bde230c sp=0x000000dad06fd6d0
Event: 10374.559 Thread 0x000002336ee33080 DEOPT UNPACKING pc=0x000002331b304e42 sp=0x000000dad06fcc10 mode 1
Event: 10374.559 Thread 0x000002336ee33080 DEOPT PACKING pc=0x000002331c57f6f4 sp=0x000000dad06fd620
Event: 10374.559 Thread 0x000002336ee33080 DEOPT UNPACKING pc=0x000002331b304e42 sp=0x000000dad06fcb88 mode 1

Classes loaded (20 events):
Event: 9670.284 Loading class java/util/WeakHashMap$KeyIterator
Event: 9670.285 Loading class java/util/WeakHashMap$KeyIterator done
Event: 9670.314 Loading class java/lang/ref/Finalizer$2
Event: 9670.314 Loading class java/lang/ref/Finalizer$2 done
Event: 9670.315 Loading class java/lang/ref/Finalizer$1
Event: 9670.315 Loading class java/lang/ref/Finalizer$1 done
Event: 9671.557 Loading class java/io/InvalidClassException
Event: 9671.557 Loading class java/io/InvalidClassException done
Event: 9671.990 Loading class java/time/DurationEditor
Event: 9671.990 Loading class java/time/DurationEditor done
Event: 9672.754 Loading class java/lang/ObjectBeanInfo
Event: 9672.754 Loading class java/lang/ObjectBeanInfo done
Event: 9672.754 Loading class java/lang/ObjectBeanInfo
Event: 9672.754 Loading class java/lang/ObjectBeanInfo done
Event: 9672.754 Loading class java/lang/ObjectCustomizer
Event: 9672.754 Loading class java/lang/ObjectCustomizer done
Event: 9672.755 Loading class java/lang/ObjectCustomizer
Event: 9672.755 Loading class java/lang/ObjectCustomizer done
Event: 10074.055 Loading class java/time/DurationEditor
Event: 10074.055 Loading class java/time/DurationEditor done

Classes unloaded (20 events):
Event: 10326.595 Thread 0x00000233268d3c10 Unloading class 0x0000023328afa400 'jdk/internal/reflect/GeneratedSerializationConstructorAccessor173'
Event: 10326.595 Thread 0x00000233268d3c10 Unloading class 0x0000023328afa000 'jdk/internal/reflect/GeneratedSerializationConstructorAccessor172'
Event: 10326.595 Thread 0x00000233268d3c10 Unloading class 0x0000023328af9c00 'jdk/internal/reflect/GeneratedSerializationConstructorAccessor171'
Event: 10326.595 Thread 0x00000233268d3c10 Unloading class 0x0000023328af9800 'jdk/internal/reflect/GeneratedSerializationConstructorAccessor170'
Event: 10326.595 Thread 0x00000233268d3c10 Unloading class 0x000002332858c000 'java/lang/invoke/LambdaForm$MH+0x000002332858c000'
Event: 10326.595 Thread 0x00000233268d3c10 Unloading class 0x000002332872d800 'java/lang/invoke/LambdaForm$MH+0x000002332872d800'
Event: 10326.595 Thread 0x00000233268d3c10 Unloading class 0x0000023328738800 'java/lang/invoke/LambdaForm$MH+0x0000023328738800'
Event: 10326.595 Thread 0x00000233268d3c10 Unloading class 0x0000023328a86000 'java/lang/invoke/LambdaForm$MH+0x0000023328a86000'
Event: 10326.595 Thread 0x00000233268d3c10 Unloading class 0x0000023328a95c00 'java/lang/invoke/LambdaForm$MH+0x0000023328a95c00'
Event: 10326.595 Thread 0x00000233268d3c10 Unloading class 0x0000023328a99000 'java/lang/invoke/LambdaForm$MH+0x0000023328a99000'
Event: 10326.595 Thread 0x00000233268d3c10 Unloading class 0x000002332882e400 'java/lang/invoke/LambdaForm$MH+0x000002332882e400'
Event: 10326.595 Thread 0x00000233268d3c10 Unloading class 0x000002332882c800 'java/lang/invoke/LambdaForm$MH+0x000002332882c800'
Event: 10326.595 Thread 0x00000233268d3c10 Unloading class 0x00000233287b8800 'java/lang/invoke/LambdaForm$MH+0x00000233287b8800'
Event: 10326.595 Thread 0x00000233268d3c10 Unloading class 0x00000233287acc00 'java/lang/invoke/LambdaForm$MH+0x00000233287acc00'
Event: 10326.595 Thread 0x00000233268d3c10 Unloading class 0x0000023328793000 'java/lang/invoke/LambdaForm$MH+0x0000023328793000'
Event: 10326.595 Thread 0x00000233268d3c10 Unloading class 0x0000023328916800 'java/lang/invoke/LambdaForm$DMH+0x0000023328916800'
Event: 10326.595 Thread 0x00000233268d3c10 Unloading class 0x0000023328530000 'java/lang/invoke/LambdaForm$MH+0x0000023328530000'
Event: 10326.595 Thread 0x00000233268d3c10 Unloading class 0x0000023328acac00 'java/lang/invoke/LambdaForm$MH+0x0000023328acac00'
Event: 10326.595 Thread 0x00000233268d3c10 Unloading class 0x0000023328adb800 'java/lang/invoke/LambdaForm$MH+0x0000023328adb800'
Event: 10326.595 Thread 0x00000233268d3c10 Unloading class 0x0000023328aebc00 'org/apache/catalina/loader/JdbcLeakPrevention'

Classes redefined (0 events):
No events

Internal exceptions (20 events):
Event: 10073.540 Thread 0x0000023370458ce0 Exception <a 'java/lang/NoSuchMethodError'{0x000000070a14a1b0}: 'int java.lang.invoke.DelegatingMethodHandle$Holder.reinvoke_L(java.lang.Object, java.lang.Object, java.lang.Object, java.lang.Object)'> (0x000000070a14a1b0) 
thrown [s\src\hotspot\share\interpreter\linkResolver.cpp, line 773]
Event: 10073.545 Thread 0x0000023370458ce0 Exception <a 'java/io/FileNotFoundException'{0x000000070a19a628}> (0x000000070a19a628) 
thrown [s\src\hotspot\share\prims\jni.cpp, line 520]
Event: 10073.597 Thread 0x0000023370458ce0 Exception <a 'java/lang/NoSuchMethodError'{0x0000000709d91bf0}: 'void java.lang.invoke.DirectMethodHandle$Holder.invokeVirtual(java.lang.Object, java.lang.Object, java.lang.Object, java.lang.Object, java.lang.Object)'> (0x0000000709d91bf0) 
thrown [s\src\hotspot\share\interpreter\linkResolver.cpp, line 773]
Event: 10074.547 Thread 0x0000023370458ce0 Exception <a 'java/lang/NullPointerException'{0x0000000707e55910}> (0x0000000707e55910) 
thrown [s\src\hotspot\share\interpreter\linkResolver.cpp, line 1372]
Event: 10074.547 Thread 0x0000023370458ce0 Exception <a 'java/lang/NullPointerException'{0x0000000707e56158}> (0x0000000707e56158) 
thrown [s\src\hotspot\share\interpreter\linkResolver.cpp, line 1372]
Event: 10074.556 Thread 0x000002336e1f8300 Exception <a 'java/lang/NoSuchMethodError'{0x0000000707a04d18}: static [B.<clinit>()V> (0x0000000707a04d18) 
thrown [s\src\hotspot\share\prims\jni.cpp, line 1111]
Event: 10326.585 Thread 0x0000023370457930 Exception <a 'java/lang/InterruptedException'{0x000000070949a768}: sleep interrupted> (0x000000070949a768) 
thrown [s\src\hotspot\share\prims\jvm.cpp, line 3074]
Event: 10326.633 Thread 0x000002336eef6c60 Exception <a 'sun/nio/fs/WindowsException'{0x000000070a4b2c08}> (0x000000070a4b2c08) 
thrown [s\src\hotspot\share\prims\jni.cpp, line 520]
Event: 10327.091 Thread 0x000002336eef6c60 Exception <a 'java/lang/NoSuchMethodError'{0x00000007068c01c8}: 'void java.lang.invoke.DelegatingMethodHandle$Holder.reinvoke_L(java.lang.Object, java.lang.Object, int)'> (0x00000007068c01c8) 
thrown [s\src\hotspot\share\interpreter\linkResolver.cpp, line 773]
Event: 10327.140 Thread 0x000002336eef6c60 Exception <a 'java/lang/NoClassDefFoundError'{0x00000007065df3d0}: org/flywaydb/core/Flyway> (0x00000007065df3d0) 
thrown [s\src\hotspot\share\oops\constantPool.cpp, line 873]
Event: 10327.333 Thread 0x000002336eef6c60 Exception <a 'java/lang/NoClassDefFoundError'{0x00000007065dfa30}: liquibase/integration/spring/SpringLiquibase> (0x00000007065dfa30) 
thrown [s\src\hotspot\share\oops\constantPool.cpp, line 873]
Event: 10327.336 Thread 0x000002336eef6c60 Exception <a 'java/lang/NoClassDefFoundError'{0x000000070622bce0}: org/jooq/DSLContext> (0x000000070622bce0) 
thrown [s\src\hotspot\share\oops\constantPool.cpp, line 873]
Event: 10327.336 Thread 0x000002336eef6c60 Exception <a 'java/lang/NoClassDefFoundError'{0x000000070622d260}: jakarta/persistence/EntityManagerFactory> (0x000000070622d260) 
thrown [s\src\hotspot\share\oops\constantPool.cpp, line 873]
Event: 10327.341 Thread 0x000002336eef6c60 Exception <a 'java/lang/NoClassDefFoundError'{0x000000070633ecb8}: org/springframework/batch/core/repository/JobRepository> (0x000000070633ecb8) 
thrown [s\src\hotspot\share\oops\constantPool.cpp, line 873]
Event: 10327.341 Thread 0x000002336eef6c60 Exception <a 'java/lang/NoClassDefFoundError'{0x000000070633f310}: org/quartz/Scheduler> (0x000000070633f310) 
thrown [s\src\hotspot\share\oops\constantPool.cpp, line 873]
Event: 10327.341 Thread 0x000002336eef6c60 Exception <a 'java/lang/NoClassDefFoundError'{0x000000070633f990}: org/springframework/session/jdbc/JdbcIndexedSessionRepository> (0x000000070633f990) 
thrown [s\src\hotspot\share\oops\constantPool.cpp, line 873]
Event: 10327.408 Thread 0x000002336eef6c60 Exception <a 'java/lang/NoSuchMethodError'{0x000000070a3499a8}: 'int java.lang.invoke.DelegatingMethodHandle$Holder.reinvoke_L(java.lang.Object, java.lang.Object, java.lang.Object, java.lang.Object)'> (0x000000070a3499a8) 
thrown [s\src\hotspot\share\interpreter\linkResolver.cpp, line 773]
Event: 10327.413 Thread 0x000002336eef6c60 Exception <a 'java/io/FileNotFoundException'{0x000000070a399f20}> (0x000000070a399f20) 
thrown [s\src\hotspot\share\prims\jni.cpp, line 520]
Event: 10327.479 Thread 0x000002336eef6c60 Exception <a 'java/lang/NoSuchMethodError'{0x000000070a41bb58}: 'void java.lang.invoke.DirectMethodHandle$Holder.invokeVirtual(java.lang.Object, java.lang.Object, java.lang.Object, java.lang.Object, java.lang.Object)'> (0x000000070a41bb58) 
thrown [s\src\hotspot\share\interpreter\linkResolver.cpp, line 773]
Event: 10335.459 Thread 0x000002336eefbb20 Exception <a 'java/lang/NoSuchMethodError'{0x0000000706a33770}: static [Ljava/lang/StackTraceElement;.<clinit>()V> (0x0000000706a33770) 
thrown [s\src\hotspot\share\prims\jni.cpp, line 1111]

ZGC Phase Switch (0 events):
No events

VM Operations (20 events):
Event: 10328.594 Executing VM operation: get/set locals done
Event: 10328.594 Executing VM operation: get/set locals
Event: 10328.594 Executing VM operation: get/set locals done
Event: 10328.595 Executing VM operation: get/set locals
Event: 10328.595 Executing VM operation: get/set locals done
Event: 10328.595 Executing VM operation: get/set locals
Event: 10328.595 Executing VM operation: get/set locals done
Event: 10328.595 Executing VM operation: get/set locals
Event: 10328.595 Executing VM operation: get/set locals done
Event: 10335.619 Executing VM operation: Cleanup
Event: 10335.619 Executing VM operation: Cleanup done
Event: 10340.986 Executing VM operation: ChangeSingleStep
Event: 10340.986 Executing VM operation: ChangeSingleStep done
Event: 10340.986 Executing VM operation: ChangeSingleStep
Event: 10340.986 Executing VM operation: ChangeSingleStep done
Event: 10342.770 Executing VM operation: HandshakeAllThreads (HandshakeForDeflation)
Event: 10342.770 Executing VM operation: HandshakeAllThreads (HandshakeForDeflation) done
Event: 10342.770 Executing VM operation: RendezvousGCThreads
Event: 10342.770 Executing VM operation: RendezvousGCThreads done
Event: 11239.124 Executing VM operation: G1CollectForAllocation (G1 Evacuation Pause)

Memory protections (0 events):
No events

Nmethod flushes (20 events):
Event: 10327.418 Thread 0x00000233268d3c10 flushing  nmethod 0x000002331cb88b10
Event: 10327.418 Thread 0x00000233268d3c10 flushing  nmethod 0x000002331cb88e10
Event: 10327.418 Thread 0x00000233268d3c10 flushing  nmethod 0x000002331cb8ad90
Event: 10327.418 Thread 0x00000233268d3c10 flushing  nmethod 0x000002331cb8b090
Event: 10327.418 Thread 0x00000233268d3c10 flushing  nmethod 0x000002331cb8b390
Event: 10327.418 Thread 0x00000233268d3c10 flushing  nmethod 0x000002331cb8bf90
Event: 10327.418 Thread 0x00000233268d3c10 flushing  nmethod 0x000002331cb8c610
Event: 10327.418 Thread 0x00000233268d3c10 flushing  nmethod 0x000002331cb8d010
Event: 10327.418 Thread 0x00000233268d3c10 flushing  nmethod 0x000002331cb8e590
Event: 10327.418 Thread 0x00000233268d3c10 flushing  nmethod 0x000002331cb8f410
Event: 10327.418 Thread 0x00000233268d3c10 flushing  nmethod 0x000002331cb8f810
Event: 10327.418 Thread 0x00000233268d3c10 flushing  nmethod 0x000002331cb8fb10
Event: 10327.418 Thread 0x00000233268d3c10 flushing  nmethod 0x000002331cb90a90
Event: 10327.418 Thread 0x00000233268d3c10 flushing  nmethod 0x000002331cb91590
Event: 10327.418 Thread 0x00000233268d3c10 flushing  nmethod 0x000002331cb91c10
Event: 10327.418 Thread 0x00000233268d3c10 flushing  nmethod 0x000002331cb91f10
Event: 10327.418 Thread 0x00000233268d3c10 flushing  nmethod 0x000002331cd63210
Event: 10327.418 Thread 0x00000233268d3c10 flushing  nmethod 0x000002331cd64c90
Event: 10327.418 Thread 0x00000233268d3c10 flushing  nmethod 0x000002331cd68d10
Event: 10327.418 Thread 0x00000233268d3c10 flushing  nmethod 0x000002331cd69890

Events (20 events):
Event: 10327.471 Thread 0x0000023326903890 Thread added: 0x000002336f7c6bd0
Event: 10327.471 Thread 0x0000023326903890 Thread added: 0x000002336f7ca250
Event: 10327.471 Thread 0x0000023326903890 Thread added: 0x000002336f7c5e30
Event: 10327.471 Thread 0x0000023326903890 Thread added: 0x000002336f7cb6c0
Event: 10327.582 Thread 0x000002336eef6c60 Thread added: 0x000002336eefc1b0
Event: 10327.582 Thread 0x000002336eef6c60 Thread added: 0x000002336eefae00
Event: 10327.582 Thread 0x000002336eef6c60 Thread added: 0x000002336eef8d30
Event: 10332.944 Thread 0x000002336f7cb6c0 Thread exited: 0x000002336f7cb6c0
Event: 10335.459 Thread 0x000002336f7c5e30 Thread exited: 0x000002336f7c5e30
Event: 10338.829 Thread 0x000002336f7ca250 Thread exited: 0x000002336f7ca250
Event: 10338.829 Thread 0x000002336f7c6bd0 Thread exited: 0x000002336f7c6bd0
Event: 10343.829 Thread 0x000002336f7caff0 Thread exited: 0x000002336f7caff0
Event: 10343.829 Thread 0x000002336f7ca920 Thread exited: 0x000002336f7ca920
Event: 10348.830 Thread 0x000002336f7c9b80 Thread exited: 0x000002336f7c9b80
Event: 10353.831 Thread 0x000002336f7c7970 Thread exited: 0x000002336f7c7970
Event: 10353.831 Thread 0x000002336f7cc460 Thread exited: 0x000002336f7cc460
Event: 10353.831 Thread 0x000002336f7c94b0 Thread exited: 0x000002336f7c94b0
Event: 10358.833 Thread 0x000002336f7c72a0 Thread exited: 0x000002336f7c72a0
Event: 10957.778 Thread 0x0000023326903890 Thread added: 0x000002336f7caff0
Event: 10962.783 Thread 0x000002336f7caff0 Thread exited: 0x000002336f7caff0


Dynamic libraries:
0x00007ff6ac810000 - 0x00007ff6ac81e000 	D:\A_TeachingMaterial\100.FinalProject\TOOL\sts-4.32.1.RELEASE\plugins\org.eclipse.justj.openjdk.hotspot.jre.full.win32.x86_64_21.0.8.v20250724-1412\jre\bin\javaw.exe
0x00007ffea2910000 - 0x00007ffea2b08000 	C:\WINDOWS\SYSTEM32\ntdll.dll
0x00007ffea1850000 - 0x00007ffea1912000 	C:\WINDOWS\System32\KERNEL32.DLL
0x00007ffea05b0000 - 0x00007ffea08a6000 	C:\WINDOWS\System32\KERNELBASE.dll
0x00007ffea0250000 - 0x00007ffea0350000 	C:\WINDOWS\System32\ucrtbase.dll
0x00007ffe47eb0000 - 0x00007ffe47ec8000 	D:\A_TeachingMaterial\100.FinalProject\TOOL\sts-4.32.1.RELEASE\plugins\org.eclipse.justj.openjdk.hotspot.jre.full.win32.x86_64_21.0.8.v20250724-1412\jre\bin\jli.dll
0x00007ffe97b50000 - 0x00007ffe97b6e000 	D:\A_TeachingMaterial\100.FinalProject\TOOL\sts-4.32.1.RELEASE\plugins\org.eclipse.justj.openjdk.hotspot.jre.full.win32.x86_64_21.0.8.v20250724-1412\jre\bin\VCRUNTIME140.dll
0x00007ffea0b60000 - 0x00007ffea0d01000 	C:\WINDOWS\System32\USER32.dll
0x00007ffe9ffa0000 - 0x00007ffe9ffc2000 	C:\WINDOWS\System32\win32u.dll
0x00007ffe8a700000 - 0x00007ffe8a99b000 	C:\WINDOWS\WinSxS\amd64_microsoft.windows.common-controls_6595b64144ccf1df_6.0.19041.6456_none_60b8a6cb71f64256\COMCTL32.dll
0x00007ffea1980000 - 0x00007ffea19ab000 	C:\WINDOWS\System32\GDI32.dll
0x00007ffea1be0000 - 0x00007ffea1c7e000 	C:\WINDOWS\System32\msvcrt.dll
0x00007ffea0490000 - 0x00007ffea05a9000 	C:\WINDOWS\System32\gdi32full.dll
0x00007ffea01b0000 - 0x00007ffea024d000 	C:\WINDOWS\System32\msvcp_win.dll
0x00007ffea1820000 - 0x00007ffea184f000 	C:\WINDOWS\System32\IMM32.DLL
0x00007ffe97b40000 - 0x00007ffe97b4c000 	D:\A_TeachingMaterial\100.FinalProject\TOOL\sts-4.32.1.RELEASE\plugins\org.eclipse.justj.openjdk.hotspot.jre.full.win32.x86_64_21.0.8.v20250724-1412\jre\bin\vcruntime140_1.dll
0x00007ffe8a5e0000 - 0x00007ffe8a66d000 	D:\A_TeachingMaterial\100.FinalProject\TOOL\sts-4.32.1.RELEASE\plugins\org.eclipse.justj.openjdk.hotspot.jre.full.win32.x86_64_21.0.8.v20250724-1412\jre\bin\msvcp140.dll
0x00007ffe34cd0000 - 0x00007ffe35a67000 	D:\A_TeachingMaterial\100.FinalProject\TOOL\sts-4.32.1.RELEASE\plugins\org.eclipse.justj.openjdk.hotspot.jre.full.win32.x86_64_21.0.8.v20250724-1412\jre\bin\server\jvm.dll
0x00007ffea1c90000 - 0x00007ffea1d41000 	C:\WINDOWS\System32\ADVAPI32.dll
0x00007ffea1b40000 - 0x00007ffea1bdf000 	C:\WINDOWS\System32\sechost.dll
0x00007ffea25e0000 - 0x00007ffea2700000 	C:\WINDOWS\System32\RPCRT4.dll
0x00007ffea0900000 - 0x00007ffea0927000 	C:\WINDOWS\System32\bcrypt.dll
0x00007ffea16c0000 - 0x00007ffea172b000 	C:\WINDOWS\System32\WS2_32.dll
0x00007ffe9f680000 - 0x00007ffe9f6cb000 	C:\WINDOWS\SYSTEM32\POWRPROF.dll
0x00007ffe8ea40000 - 0x00007ffe8ea67000 	C:\WINDOWS\SYSTEM32\WINMM.dll
0x00007ffe9a0c0000 - 0x00007ffe9a0ca000 	C:\WINDOWS\SYSTEM32\VERSION.dll
0x00007ffe9f5d0000 - 0x00007ffe9f5e2000 	C:\WINDOWS\SYSTEM32\UMPDC.dll
0x00007ffe9ddf0000 - 0x00007ffe9de02000 	C:\WINDOWS\SYSTEM32\kernel.appcore.dll
0x00007ffe8e080000 - 0x00007ffe8e08a000 	D:\A_TeachingMaterial\100.FinalProject\TOOL\sts-4.32.1.RELEASE\plugins\org.eclipse.justj.openjdk.hotspot.jre.full.win32.x86_64_21.0.8.v20250724-1412\jre\bin\jimage.dll
0x00007ffe8ea70000 - 0x00007ffe8ec71000 	C:\WINDOWS\SYSTEM32\DBGHELP.DLL
0x00007ffe87b60000 - 0x00007ffe87b94000 	C:\WINDOWS\SYSTEM32\dbgcore.DLL
0x00007ffea0350000 - 0x00007ffea03d2000 	C:\WINDOWS\System32\bcryptPrimitives.dll
0x00007ffe67fc0000 - 0x00007ffe67ffc000 	D:\A_TeachingMaterial\100.FinalProject\TOOL\sts-4.32.1.RELEASE\plugins\org.eclipse.justj.openjdk.hotspot.jre.full.win32.x86_64_21.0.8.v20250724-1412\jre\bin\jdwp.dll
0x00007ffe631e0000 - 0x00007ffe631ef000 	D:\A_TeachingMaterial\100.FinalProject\TOOL\sts-4.32.1.RELEASE\plugins\org.eclipse.justj.openjdk.hotspot.jre.full.win32.x86_64_21.0.8.v20250724-1412\jre\bin\instrument.dll
0x00007ffe46cc0000 - 0x00007ffe46cdf000 	D:\A_TeachingMaterial\100.FinalProject\TOOL\sts-4.32.1.RELEASE\plugins\org.eclipse.justj.openjdk.hotspot.jre.full.win32.x86_64_21.0.8.v20250724-1412\jre\bin\java.dll
0x00007ffea1e70000 - 0x00007ffea25e0000 	C:\WINDOWS\System32\SHELL32.dll
0x00007ffe9dff0000 - 0x00007ffe9e795000 	C:\WINDOWS\SYSTEM32\windows.storage.dll
0x00007ffea0e40000 - 0x00007ffea1194000 	C:\WINDOWS\System32\combase.dll
0x00007ffe9f8f0000 - 0x00007ffe9f91b000 	C:\WINDOWS\SYSTEM32\Wldp.dll
0x00007ffea0a10000 - 0x00007ffea0add000 	C:\WINDOWS\System32\OLEAUT32.dll
0x00007ffea19b0000 - 0x00007ffea1a5d000 	C:\WINDOWS\System32\SHCORE.dll
0x00007ffea1ae0000 - 0x00007ffea1b3b000 	C:\WINDOWS\System32\shlwapi.dll
0x00007ffe9fed0000 - 0x00007ffe9fef4000 	C:\WINDOWS\SYSTEM32\profapi.dll
0x00007ffe3b1b0000 - 0x00007ffe3b1c8000 	D:\A_TeachingMaterial\100.FinalProject\TOOL\sts-4.32.1.RELEASE\plugins\org.eclipse.justj.openjdk.hotspot.jre.full.win32.x86_64_21.0.8.v20250724-1412\jre\bin\zip.dll
0x00007ffe9d320000 - 0x00007ffe9d32b000 	D:\A_TeachingMaterial\100.FinalProject\TOOL\sts-4.32.1.RELEASE\plugins\org.eclipse.justj.openjdk.hotspot.jre.full.win32.x86_64_21.0.8.v20250724-1412\jre\bin\dt_socket.dll
0x00007ffe9f360000 - 0x00007ffe9f39b000 	C:\WINDOWS\SYSTEM32\IPHLPAPI.DLL
0x00007ffe9f6d0000 - 0x00007ffe9f73a000 	C:\WINDOWS\system32\mswsock.dll
0x00007ffe9f3a0000 - 0x00007ffe9f46a000 	C:\WINDOWS\SYSTEM32\DNSAPI.dll
0x00007ffea1c80000 - 0x00007ffea1c88000 	C:\WINDOWS\System32\NSI.dll
0x00007ffe95dc0000 - 0x00007ffe95dca000 	C:\Windows\System32\rasadhlp.dll
0x00007ffe95880000 - 0x00007ffe95900000 	C:\WINDOWS\System32\fwpuclnt.dll
0x00007ffe5fcc0000 - 0x00007ffe5fcd0000 	D:\A_TeachingMaterial\100.FinalProject\TOOL\sts-4.32.1.RELEASE\plugins\org.eclipse.justj.openjdk.hotspot.jre.full.win32.x86_64_21.0.8.v20250724-1412\jre\bin\net.dll
0x00007ffe9b000000 - 0x00007ffe9b10a000 	C:\WINDOWS\SYSTEM32\WINHTTP.dll
0x00007ffe3b100000 - 0x00007ffe3b116000 	D:\A_TeachingMaterial\100.FinalProject\TOOL\sts-4.32.1.RELEASE\plugins\org.eclipse.justj.openjdk.hotspot.jre.full.win32.x86_64_21.0.8.v20250724-1412\jre\bin\nio.dll
0x00007ffe985a0000 - 0x00007ffe985aa000 	D:\A_TeachingMaterial\100.FinalProject\TOOL\sts-4.32.1.RELEASE\plugins\org.eclipse.justj.openjdk.hotspot.jre.full.win32.x86_64_21.0.8.v20250724-1412\jre\bin\management.dll
0x00007ffe98590000 - 0x00007ffe9859b000 	D:\A_TeachingMaterial\100.FinalProject\TOOL\sts-4.32.1.RELEASE\plugins\org.eclipse.justj.openjdk.hotspot.jre.full.win32.x86_64_21.0.8.v20250724-1412\jre\bin\management_ext.dll
0x00007ffea1ad0000 - 0x00007ffea1ad8000 	C:\WINDOWS\System32\PSAPI.DLL
0x00007ffe81690000 - 0x00007ffe816a7000 	C:\WINDOWS\system32\napinsp.dll
0x00007ffe7f170000 - 0x00007ffe7f18b000 	C:\WINDOWS\system32\pnrpnsp.dll
0x00007ffe7fc80000 - 0x00007ffe7fc9d000 	C:\WINDOWS\system32\wshbth.dll
0x00007ffe9c480000 - 0x00007ffe9c49d000 	C:\WINDOWS\system32\NLAapi.dll
0x00007ffe7fa50000 - 0x00007ffe7fa62000 	C:\WINDOWS\System32\winrnr.dll
0x00007ffe9f930000 - 0x00007ffe9f948000 	C:\WINDOWS\SYSTEM32\CRYPTSP.dll
0x00007ffe9ef30000 - 0x00007ffe9ef68000 	C:\WINDOWS\system32\rsaenh.dll
0x00007ffe9fe50000 - 0x00007ffe9fe7e000 	C:\WINDOWS\SYSTEM32\USERENV.dll
0x00007ffe9f860000 - 0x00007ffe9f86c000 	C:\WINDOWS\SYSTEM32\CRYPTBASE.dll
0x00007ffe98640000 - 0x00007ffe98649000 	D:\A_TeachingMaterial\100.FinalProject\TOOL\sts-4.32.1.RELEASE\plugins\org.eclipse.justj.openjdk.hotspot.jre.full.win32.x86_64_21.0.8.v20250724-1412\jre\bin\extnet.dll
0x00007ffe5fc70000 - 0x00007ffe5fc80000 	D:\A_TeachingMaterial\100.FinalProject\TOOL\sts-4.32.1.RELEASE\plugins\org.eclipse.justj.openjdk.hotspot.jre.full.win32.x86_64_21.0.8.v20250724-1412\jre\bin\verify.dll
0x00007ffe9cef0000 - 0x00007ffe9cefe000 	D:\A_TeachingMaterial\100.FinalProject\TOOL\sts-4.32.1.RELEASE\plugins\org.eclipse.justj.openjdk.hotspot.jre.full.win32.x86_64_21.0.8.v20250724-1412\jre\bin\sunmscapi.dll
0x00007ffe9ffd0000 - 0x00007ffea012d000 	C:\WINDOWS\System32\CRYPT32.dll
0x00007ffe9fa40000 - 0x00007ffe9fa67000 	C:\WINDOWS\SYSTEM32\ncrypt.dll
0x00007ffe9fa00000 - 0x00007ffe9fa3b000 	C:\WINDOWS\SYSTEM32\NTASN1.dll
0x00007ffe48d50000 - 0x00007ffe48d57000 	C:\WINDOWS\system32\wshunix.dll

JVMTI agents:
jdwp path:D:\A_TeachingMaterial\100.FinalProject\TOOL\sts-4.32.1.RELEASE\plugins\org.eclipse.justj.openjdk.hotspot.jre.full.win32.x86_64_21.0.8.v20250724-1412\jre\bin\jdwp.dll, loaded, initialized, options:transport=dt_socket,suspend=y,address=localhost:52422
D:\A_TeachingMaterial\100.FinalProject\TOOL\sts-4.32.1.RELEASE\configuration\org.eclipse.osgi\272\0\.cp\lib\javaagent-shaded.jar path:D:\A_TeachingMaterial\100.FinalProject\TOOL\sts-4.32.1.RELEASE\plugins\org.eclipse.justj.openjdk.hotspot.jre.full.win32.x86_64_21.0.8.v20250724-1412\jre\bin\instrument.dll, loaded, initialized, instrumentlib options:none

dbghelp: loaded successfully - version: 4.0.5 - missing functions: none
symbol engine: initialized successfully - sym options: 0x614 - pdb path: .;D:\A_TeachingMaterial\100.FinalProject\TOOL\sts-4.32.1.RELEASE\plugins\org.eclipse.justj.openjdk.hotspot.jre.full.win32.x86_64_21.0.8.v20250724-1412\jre\bin;C:\WINDOWS\SYSTEM32;C:\WINDOWS\WinSxS\amd64_microsoft.windows.common-controls_6595b64144ccf1df_6.0.19041.6456_none_60b8a6cb71f64256;D:\A_TeachingMaterial\100.FinalProject\TOOL\sts-4.32.1.RELEASE\plugins\org.eclipse.justj.openjdk.hotspot.jre.full.win32.x86_64_21.0.8.v20250724-1412\jre\bin\server

VM Arguments:
jvm_args: -XX:+ShowCodeDetailsInExceptionMessages -agentlib:jdwp=transport=dt_socket,suspend=y,address=localhost:52422 -Dcom.sun.management.jmxremote -Dcom.sun.management.jmxremote.port=52421 -Dcom.sun.management.jmxremote.authenticate=false -Dcom.sun.management.jmxremote.ssl=false -Djava.rmi.server.hostname=localhost -Dspring.jmx.enabled=true -Dmanagement.endpoints.jmx.exposure.include=* -Dspring.application.admin.enabled=true -Dspring.output.ansi.enabled=always -XX:TieredStopAtLevel=1 -Dspring.boot.project.name=MohaengSTS -javaagent:D:\A_TeachingMaterial\100.FinalProject\TOOL\sts-4.32.1.RELEASE\configuration\org.eclipse.osgi\272\0\.cp\lib\javaagent-shaded.jar -Dfile.encoding=UTF-8 -Dstdout.encoding=UTF-8 -Dstderr.encoding=UTF-8 
java_command: kr.or.ddit.MohaengProjectApplication
java_class_path (initial): C:\Users\PC-17\git\MohaengSTS\target\classes;C:\Users\PC-17\.m2\repository\org\springframework\boot\spring-boot-starter-actuator\3.5.9\spring-boot-starter-actuator-3.5.9.jar;C:\Users\PC-17\.m2\repository\org\springframework\boot\spring-boot-starter\3.5.9\spring-boot-starter-3.5.9.jar;C:\Users\PC-17\.m2\repository\org\springframework\boot\spring-boot-starter-logging\3.5.9\spring-boot-starter-logging-3.5.9.jar;C:\Users\PC-17\.m2\repository\ch\qos\logback\logback-classic\1.5.22\logback-classic-1.5.22.jar;C:\Users\PC-17\.m2\repository\ch\qos\logback\logback-core\1.5.22\logback-core-1.5.22.jar;C:\Users\PC-17\.m2\repository\org\apache\logging\log4j\log4j-to-slf4j\2.24.3\log4j-to-slf4j-2.24.3.jar;C:\Users\PC-17\.m2\repository\org\apache\logging\log4j\log4j-api\2.24.3\log4j-api-2.24.3.jar;C:\Users\PC-17\.m2\repository\org\slf4j\jul-to-slf4j\2.0.17\jul-to-slf4j-2.0.17.jar;C:\Users\PC-17\.m2\repository\jakarta\annotation\jakarta.annotation-api\2.1.1\jakarta.annotation-api-2.1.1.jar;C:\Users\PC-17\.m2\repository\org\yaml\snakeyaml\2.4\snakeyaml-2.4.jar;C:\Users\PC-17\.m2\repository\org\springframework\boot\spring-boot-actuator-autoconfigure\3.5.9\spring-boot-actuator-autoconfigure-3.5.9.jar;C:\Users\PC-17\.m2\repository\org\springframework\boot\spring-boot-actuator\3.5.9\spring-boot-actuator-3.5.9.jar;C:\Users\PC-17\.m2\repository\com\fasterxml\jackson\datatype\jackson-datatype-jsr310\2.19.4\jackson-datatype-jsr310-2.19.4.jar;C:\Users\PC-17\.m2\repository\io\micrometer\micrometer-observation\1.15.7\micrometer-observation-1.15.7.jar;C:\Users\PC-17\.m2\repository\io\micrometer\micrometer-commons\1.15.7\micrometer-commons-1.15.7.jar;C:\Users\PC-17\.m2\repository\io\micrometer\micrometer-jakarta9\1.15.7\micrometer-jakarta9-1.15.7.jar;C:\Users\PC-17\.m2\repository\io\micrometer\micrometer-core\1.15.7\micrometer-core-1.15.7.jar;C:\Users\PC-17\.m2\repository\org\hdrhistogram\HdrHistogram\2.2.2\HdrHistogram-2.2.2.jar;C:\Users\PC-17\.m2\repository\org\latencyutils\LatencyUtils\2.0.3\LatencyUtils-2.0.3.jar;C:\Users\PC-17\.m2\repository\org\springframework\boot\spring-boot-starter-jdbc\3.5.9\spring-boot-starter-jdbc-3.5.9.jar;C:\Users\PC-17\.m2\repository\com\zaxxer\HikariCP\6.3.3\HikariCP-6.3.3.jar;C:\Users\PC-17\.m2\repository\org\slf4j\slf4j-api\2.0.17\slf4j-api-2.0.17.jar;C:\Users\PC-17\.m2\repository\org\springframework\spring-jdbc\6.2.15\spring-jdbc-6.2.15.jar;C:\Users\PC-17\.m2\repository\org\springframework\spring-tx\6.2.15\spring-tx-6.2.15.jar;C:\Users\PC-17\.m2\repository\org\mybatis\spring\boot\mybatis-spring-boot-starter\3.0.5\mybatis-spring-boot-starter-3.0.5.jar;C:\Users\PC-17\.m2\repository\org\mybatis\spring\boot\mybatis-spring-boot-autoconfigure\3.0.5\mybatis-spring-boot-autoconfigure-3.0.5.jar;C:\Users\PC-17\.m2\repository\org\mybatis\mybatis\3.5.19\mybatis-3.5.19.jar;C:\Users\PC-17\.m2\repository\org\mybatis\mybatis-spring\3.0.5\mybatis-spring-3.0.5.jar;C:\Users\PC-17\.m2\repository\org\springframework\boot\spring-boot-starter-web\3.5.9\spring-boot-starter-web-3.5.9.jar;C:\Users\PC-17\.m2\repository\org\springframework\boot\spring-boot-starter-json\3.5.9\spring-boot-starter-json-3.5.9.jar;C:\Users\PC-17\.m2\repository\com\fasterxml\jackson\datatype\jackson-datatype-jdk8\2.19.4\jackson-datatype-jdk8-2.19.4.jar;C:\Users\PC-17\.m2\repository\com\fasterxml\jackson\module\jackson-module-parameter-names\2.19.4\jackson-module-parameter-names-2.19.4.jar;C:\Users\PC-17\.m2\repository\org\springframework\boot\spring-boot-starter-tomcat\3.5.9\spring-boot-starter-tomcat-3.5.9.jar;C:\Users\PC-17\.m2\repository\org\apache\tomcat\embed\tomcat-embed-websocket\10.1.50\tomcat-embed-websocket-10.1.50.jar;C:\Users\PC-17\.m2\repository\org\springframework\spring-web\6.2.15\spring-web-6.2.15.jar;C:\Users\PC-17\.m2\repository\org\springframework\spring-webmvc\6.2.15\spring-webmvc-6.2.15.jar;C:\Users\PC-17\.m2\repository\org\springframework\boot\spring-boot-devtools\3.5.9\spring-boot-devtools-3.5.9.jar;C:\Users\PC-17\.m2\repository\org\springframework\boot\spring-boot\3.5.9\spring-boot-3.5.9.jar;C:\Users\PC-17\.m2\repository\org\springframework\boot\spring-boot-autoconfigure\3.5.9\spring-boot-autoconfigure-3.5.9.jar;C:\Users\PC-17\.m2\repository\org\springframework\boot\spring-boot-starter-security\3.5.9\spring-boot-starter-security-3.5.9.jar;C:\Users\PC-17\.m2\repository\org\springframework\spring-aop\6.2.15\spring-aop-6.2.15.jar;C:\Users\PC-17\.m2\repository\org\springframework\security\spring-security-config\6.5.7\spring-security-config-6.5.7.jar;C:\Users\PC-17\.m2\repository\org\springframework\security\spring-security-web\6.5.7\spring-security-web-6.5.7.jar;C:\Users\PC-17\.m2\repository\com\oracle\database\jdbc\ojdbc11\23.3.0.23.09\ojdbc11-23.3.0.23.09.jar;C:\Users\PC-17\.m2\repository\org\projectlombok\lombok\1.18.42\lombok-1.18.42.jar;C:\Users\PC-17\.m2\repository\net\minidev\json-smart\2.5.2\json-smart-2.5.2.jar;C:\Users\PC-17\.m2\repository\net\minidev\accessors-smart\2.5.2\accessors-smart-2.5.2.jar;C:\Users\PC-17\.m2\repository\org\ow2\asm\asm\9.7.1\asm-9.7.1.jar;C:\Users\PC-17\.m2\repository\org\springframework\spring-core\6.2.15\spring-core-6.2.15.jar;C:\Users\PC-17\.m2\repository\org\springframework\spring-jcl\6.2.15\spring-jcl-6.2.15.jar;C:\Users\PC-17\.m2\repository\org\apache\tomcat\embed\tomcat-embed-jasper\10.1.50\tomcat-embed-jasper-10.1.50.jar;C:\Users\PC-17\.m2\repository\org\apache\tomcat\embed\tomcat-embed-core\10.1.50\tomcat-embed-core-10.1.50.jar;C:\Users\PC-17\.m2\repository\org\apache\tomcat\tomcat-annotations-api\10.1.50\tomcat-annotations-api-10.1.50.jar;C:\Users\PC-17\.m2\repository\org\apache\tomcat\embed\tomcat-embed-el\10.1.50\tomcat-embed-el-10.1.50.jar;C:\Users\PC-17\.m2\repository\org\eclipse\jdt\ecj\3.33.0\ecj-3.33.0.jar;C:\Users\PC-17\.m2\repository\jakarta\servlet\jsp\jstl\jakarta.servlet.jsp.jstl-api\3.0.0\jakarta.servlet.jsp.jstl-api-3.0.0.jar;C:\Users\PC-17\.m2\repository\jakarta\servlet\jakarta.servlet-api\6.0.0\jakarta.servlet-api-6.0.0.jar;C:\Users\PC-17\.m2\repository\jakarta\el\jakarta.el-api\5.0.0\jakarta.el-api-5.0.0.jar;C:\Users\PC-17\.m2\repository\org\glassfish\web\jakarta.servlet.jsp.jstl\3.0.1\jakarta.servlet.jsp.jstl-3.0.1.jar;C:\Users\PC-17\.m2\repository\commons-io\commons-io\2.6\commons-io-2.6.jar;C:\Users\PC-17\.m2\repository\commons-fileupload\commons-fileupload\1.4\commons-fileupload-1.4.jar;C:\Users\PC-17\.m2\repository\org\apache\commons\commons-lang3\3.6\commons-lang3-3.6.jar;C:\Users\PC-17\.m2\repository\com\github\gavlyukovskiy\p6spy-spring-boot-starter\1.11.0\p6spy-spring-boot-starter-1.11.0.jar;C:\Users\PC-17\.m2\repository\com\github\gavlyukovskiy\datasource-decorator-spring-boot-autoconfigure\1.11.0\datasource-decorator-spring-boot-autoconfigure-1.11.0.jar;C:\Users\PC-17\.m2\repository\p6spy\p6spy\3.9.1\p6spy-3.9.1.jar;C:\Users\PC-17\.m2\repository\com\google\code\gson\gson\2.8.2\gson-2.8.2.jar;C:\Users\PC-17\.m2\repository\io\jsonwebtoken\jjwt\0.9.1\jjwt-0.9.1.jar;C:\Users\PC-17\.m2\repository\com\fasterxml\jackson\core\jackson-databind\2.19.4\jackson-databind-2.19.4.jar;C:\Users\PC-17\.m2\repository\com\fasterxml\jackson\core\jackson-annotations\2.19.4\jackson-annotations-2.19.4.jar;C:\Users\PC-17\.m2\repository\com\fasterxml\jackson\core\jackson-core\2.19.4\jackson-core-2.19.4.jar;C:\Users\PC-17\.m2\repository\javax\xml\bind\jaxb-api\2.3.1\jaxb-api-2.3.1.jar;C:\Users\PC-17\.m2\repository\javax\activation\javax.activation-api\1.2.0\javax.activation-api-1.2.0.jar;C:\Users\PC-17\.m2\repository\org\springframework\boot\spring-boot-configuration-processor\3.5.9\spring-boot-configuration-processor-3.5.9.jar;C:\Users\PC-17\.m2\repository\org\springframework\security\spring-security-taglibs\6.5.7\spring-security-taglibs-6.5.7.jar;C:\Users\PC-17\.m2\repository\org\springframework\security\spring-security-acl\6.5.7\spring-security-acl-6.5.7.jar;C:\Users\PC-17\.m2\repository\org\springframework\security\spring-security-core\6.5.7\spring-security-core-6.5.7.jar;C:\Users\PC-17\.m2\repository\org\springframework\security\spring-security-crypto\6.5.7\spring-security-crypto-6.5.7.jar;C:\Users\PC-17\.m2\repository\org\springframework\spring-beans\6.2.15\spring-beans-6.2.15.jar;C:\Users\PC-17\.m2\repository\org\springframework\spring-context\6.2.15\spring-context-6.2.15.jar;C:\Users\PC-17\.m2\repository\org\springframework\spring-expression\6.2.15\spring-expression-6.2.15.jar;C:\Users\PC-17\.m2\repository\org\springframework\boot\spring-boot-starter-validation\3.5.9\spring-boot-starter-validation-3.5.9.jar;C:\Users\PC-17\.m2\repository\org\hibernate\validator\hibernate-validator\8.0.3.Final\hibernate-validator-8.0.3.Final.jar;C:\Users\PC-17\.m2\repository\jakarta\validation\jakarta.validation-api\3.0.2\jakarta.validation-api-3.0.2.jar;C:\Users\PC-17\.m2\repository\org\jboss\logging\jboss-logging\3.6.1.Final\jboss-logging-3.6.1.Final.jar;C:\Users\PC-17\.m2\repository\com\fasterxml\classmate\1.7.1\classmate-1.7.1.jar;C:\Users\PC-17\.m2\repository\org\springframework\boot\spring-boot-starter-oauth2-client\3.5.9\spring-boot-starter-oauth2-client-3.5.9.jar;C:\Users\PC-17\.m2\repository\org\springframework\security\spring-security-oauth2-client\6.5.7\spring-security-oauth2-client-6.5.7.jar;C:\Users\PC-17\.m2\repository\org\springframework\security\spring-security-oauth2-core\6.5.7\spring-security-oauth2-core-6.5.7.jar;C:\Users\PC-17\.m2\repository\com\nimbusds\oauth2-oidc-sdk\9.43.6\oauth2-oidc-sdk-9.43.6.jar;C:\Users\PC-17\.m2\repository\com\github\stephenc\jcip\jcip-annotations\1.0-1\jcip-annotations-1.0-1.jar;C:\Users\PC-17\.m2\repository\com\nimbusds\content-type\2.2\content-type-2.2.jar;C:\Users\PC-17\.m2\repository\com\nimbusds\lang-tag\1.7\lang-tag-1.7.jar;C:\Users\PC-17\.m2\repository\org\springframework\security\spring-security-oauth2-jose\6.5.7\spring-security-oauth2-jose-6.5.7.jar;C:\Users\PC-17\.m2\repository\com\nimbusds\nimbus-jose-jwt\9.37.4\nimbus-jose-jwt-9.37.4.jar;C:\Users\PC-17\.m2\repository\org\apache\httpcomponents\httpclient\4.5.14\httpclient-4.5.14.jar;C:\Users\PC-17\.m2\repository\org\apache\httpcomponents\httpcore\4.4.16\httpcore-4.4.16.jar;C:\Users\PC-17\.m2\repository\commons-logging\commons-logging\1.2\commons-logging-1.2.jar;C:\Users\PC-17\.m2\repository\commons-codec\commons-codec\1.18.0\commons-codec-1.18.0.jar
Launcher Type: SUN_STANDARD

[Global flags]
     intx CICompilerCount                          = 12                                        {product} {ergonomic}
     uint ConcGCThreads                            = 3                                         {product} {ergonomic}
     uint G1ConcRefinementThreads                  = 13                                        {product} {ergonomic}
   size_t G1HeapRegionSize                         = 2097152                                   {product} {ergonomic}
    uintx GCDrainStackTargetSize                   = 64                                        {product} {ergonomic}
   size_t InitialHeapSize                          = 266338304                                 {product} {ergonomic}
     bool ManagementServer                         = true                                      {product} {command line}
   size_t MarkStackSize                            = 4194304                                   {product} {ergonomic}
   size_t MaxHeapSize                              = 4255121408                                {product} {ergonomic}
   size_t MaxNewSize                               = 2552233984                                {product} {ergonomic}
   size_t MinHeapDeltaBytes                        = 2097152                                   {product} {ergonomic}
   size_t MinHeapSize                              = 8388608                                   {product} {ergonomic}
    uintx NonNMethodCodeHeapSize                   = 4096                                   {pd product} {ergonomic}
    uintx NonProfiledCodeHeapSize                  = 0                                      {pd product} {ergonomic}
     bool ProfileInterpreter                       = false                                  {pd product} {command line}
    uintx ProfiledCodeHeapSize                     = 0                                      {pd product} {ergonomic}
     bool ShowCodeDetailsInExceptionMessages       = true                                   {manageable} {command line}
   size_t SoftMaxHeapSize                          = 4255121408                             {manageable} {ergonomic}
     intx TieredStopAtLevel                        = 1                                         {product} {command line}
     bool UseCompressedOops                        = true                           {product lp64_product} {ergonomic}
     bool UseG1GC                                  = true                                      {product} {ergonomic}
     bool UseLargePagesIndividualAllocation        = false                                  {pd product} {ergonomic}

Logging:
Log output configuration:
 #0: stdout all=warning uptime,level,tags foldmultilines=false
 #1: stderr all=off uptime,level,tags foldmultilines=false

Environment Variables:
JAVA_HOME=D:\B_Util\2.Java\amazon-corretto-21.0.3.9.1-windows-x64-jdk\jdk21.0.3_9
PATH=D:\A_TeachingMaterial\100.FinalProject\TOOL\sts-4.32.1.RELEASE\plugins\org.eclipse.justj.openjdk.hotspot.jre.full.win32.x86_64_21.0.8.v20250724-1412\jre\bin;D:/A_TeachingMaterial/100.FinalProject/TOOL/sts-4.32.1.RELEASE//plugins/org.eclipse.justj.openjdk.hotspot.jre.full.win32.x86_64_21.0.8.v20250724-1412/jre/bin/server;D:/A_TeachingMaterial/100.FinalProject/TOOL/sts-4.32.1.RELEASE//plugins/org.eclipse.justj.openjdk.hotspot.jre.full.win32.x86_64_21.0.8.v20250724-1412/jre/bin;C:\app\PC-17\product\21c\dbhomeXE\bin;C:\WINDOWS\system32;C:\WINDOWS;C:\WINDOWS\System32\Wbem;C:\WINDOWS\System32\WindowsPowerShell\v1.0\;C:\WINDOWS\System32\OpenSSH\;D:\B_Util\2.Java\amazon-corretto-21.0.3.9.1-windows-x64-jdk\jdk21.0.3_9\bin;C:\Program Files\TortoiseSVN\bin;C:\Users\PC-17\AppData\Local\nvm;C:\nvm4w\nodejs;C:\Program Files\PuTTY\;C:\Program Files\Docker\Docker\resources\bin;C:\Program Files\Git\cmd;C:\Users\PC-17\AppData\Local\Programs\Python\Launcher\;C:\Users\PC-17\AppData\Local\Microsoft\WindowsApps;C:\Program Files\Bandizip\;D:\B_Util\2.Java\amazon-corretto-21.0.3.9.1-windows-x64-jdk\jdk21.0.3_9\bin;C:\Users\PC-17\AppData\Local\Programs\Microsoft VS Code\bin;C:\Users\PC-17\AppData\Roaming\npm;C:\Users\PC-17\AppData\Local\nvm;C:\nvm4w\nodejs;C:\Users\PC-17\.lmstudio\bin;D:\A_TeachingMaterial\100.FinalProject\TOOL\sts-4.32.1.RELEASE;
USERNAME=PC-17
OS=Windows_NT
PROCESSOR_IDENTIFIER=Intel64 Family 6 Model 165 Stepping 5, GenuineIntel
TMP=C:\Users\PC-17\AppData\Local\Temp
TEMP=C:\Users\PC-17\AppData\Local\Temp




Periodic native trim disabled

---------------  S Y S T E M  ---------------

OS:
 Windows 10 , 64 bit Build 19041 (10.0.19041.5915)
OS uptime: 22 days 11:52 hours
Hyper-V role detected

CPU: total 16 (initial active 16) (8 cores per cpu, 2 threads per core) family 6 model 165 stepping 5 microcode 0xc8, cx8, cmov, fxsr, ht, mmx, 3dnowpref, sse, sse2, sse3, ssse3, sse4.1, sse4.2, popcnt, lzcnt, tsc, tscinvbit, avx, avx2, aes, erms, clmul, bmi1, bmi2, adx, fma, vzeroupper, clflush, clflushopt, hv, rdtscp, f16c
Processor Information for the first 16 processors :
  Max Mhz: 2904, Current Mhz: 2904, Mhz Limit: 2904

Memory: 4k page, system-wide physical 16226M (2504M free)
TotalPageFile size 24063M (AvailPageFile size 3842M)
current process WorkingSet (physical memory assigned to process): 327M, peak: 361M
current process commit charge ("private bytes"): 385M, peak: 429M

vm_info: OpenJDK 64-Bit Server VM (21.0.8+9-LTS) for windows-amd64 JRE (21.0.8+9-LTS), built on 2025-07-15T00:00:00Z by "admin" with MS VC++ 17.7 (VS2022)

END.
